<?xml version="1.0" encoding="UTF-8"?>
<!-- Generated by org.testng.reporters.JUnitReportReporter -->
<testsuite hostname="LAPTOP-RBLFDP3S" failures="0" tests="14" name="runner.Runner" time="0.483" errors="14" timestamp="2023-09-12T13:30:11 PDT" skipped="0">
  <testcase classname="runner.Runner" name="runScenario" time="0.028">
    <error message="Cannot invoke &quot;org.openqa.selenium.SearchContext.findElement(org.openqa.selenium.By)&quot; because &quot;this.searchContext&quot; is null" type="java.lang.NullPointerException">
      <![CDATA[java.lang.NullPointerException: Cannot invoke "org.openqa.selenium.SearchContext.findElement(org.openqa.selenium.By)" because "this.searchContext" is null
at org.openqa.selenium.support.pagefactory.DefaultElementLocator.findElement(DefaultElementLocator.java:68)
at org.openqa.selenium.support.pagefactory.internal.LocatingElementHandler.invoke(LocatingElementHandler.java:38)
at jdk.proxy2/jdk.proxy2.$Proxy59.click(Unknown Source)
at pages.ClassPage.clickclasslink(ClassPage.java:146)
at stepDefinition.ClassPart2_SD.admin_is_on_manage_class_page_after_clicking_class_button(ClassPart2_SD.java:23)
at ✽.Admin is on ManageClass page after clicking class button(file:///C:/Users/cnudr/git/LMSHackathon_Phase2/src/test/resources/Features/ClassPart2.feature:19)
]]>
    </error>
  </testcase> <!-- runScenario -->
  <system-out/>
  <testcase classname="runner.Runner" name="runScenario" time="0.026">
    <error message="Cannot invoke &quot;org.openqa.selenium.SearchContext.findElement(org.openqa.selenium.By)&quot; because &quot;this.searchContext&quot; is null" type="java.lang.NullPointerException">
      <![CDATA[java.lang.NullPointerException: Cannot invoke "org.openqa.selenium.SearchContext.findElement(org.openqa.selenium.By)" because "this.searchContext" is null
at org.openqa.selenium.support.pagefactory.DefaultElementLocator.findElement(DefaultElementLocator.java:68)
at org.openqa.selenium.support.pagefactory.internal.LocatingElementHandler.invoke(LocatingElementHandler.java:38)
at jdk.proxy2/jdk.proxy2.$Proxy59.click(Unknown Source)
at pages.ClassPage.clickclasslink(ClassPage.java:146)
at stepDefinition.ClassPart2_SD.admin_is_on_manage_class_page_after_clicking_class_button(ClassPart2_SD.java:23)
at ✽.Admin is on ManageClass page after clicking class button(file:///C:/Users/cnudr/git/LMSHackathon_Phase2/src/test/resources/Features/ClassPart2.feature:27)
]]>
    </error>
  </testcase> <!-- runScenario -->
  <system-out/>
  <testcase classname="runner.Runner" name="runScenario" time="0.015">
    <error message="Cannot invoke &quot;org.openqa.selenium.SearchContext.findElement(org.openqa.selenium.By)&quot; because &quot;this.searchContext&quot; is null" type="java.lang.NullPointerException">
      <![CDATA[java.lang.NullPointerException: Cannot invoke "org.openqa.selenium.SearchContext.findElement(org.openqa.selenium.By)" because "this.searchContext" is null
at org.openqa.selenium.support.pagefactory.DefaultElementLocator.findElement(DefaultElementLocator.java:68)
at org.openqa.selenium.support.pagefactory.internal.LocatingElementHandler.invoke(LocatingElementHandler.java:38)
at jdk.proxy2/jdk.proxy2.$Proxy59.click(Unknown Source)
at pages.ClassPage.clickclasslink(ClassPage.java:146)
at stepDefinition.ClassPart2_SD.admin_is_on_manage_class_page_after_clicking_class_button(ClassPart2_SD.java:23)
at ✽.Admin is on ManageClass page after clicking class button(file:///C:/Users/cnudr/git/LMSHackathon_Phase2/src/test/resources/Features/ClassPart2.feature:64)
]]>
    </error>
  </testcase> <!-- runScenario -->
  <system-out/>
  <testcase classname="runner.Runner" name="runScenario" time="0.216">
    <error message="Cannot invoke &quot;org.openqa.selenium.SearchContext.findElement(org.openqa.selenium.By)&quot; because &quot;this.searchContext&quot; is null" type="java.lang.NullPointerException">
      <![CDATA[java.lang.NullPointerException: Cannot invoke "org.openqa.selenium.SearchContext.findElement(org.openqa.selenium.By)" because "this.searchContext" is null
at org.openqa.selenium.support.pagefactory.DefaultElementLocator.findElement(DefaultElementLocator.java:68)
at org.openqa.selenium.support.pagefactory.internal.LocatingElementHandler.invoke(LocatingElementHandler.java:38)
at jdk.proxy2/jdk.proxy2.$Proxy59.click(Unknown Source)
at pages.ClassPage.clickclasslink(ClassPage.java:146)
at stepDefinition.ClassPart2_SD.admin_is_on_manage_class_page_after_clicking_class_button(ClassPart2_SD.java:23)
at ✽.Admin is on ManageClass page after clicking class button(file:///C:/Users/cnudr/git/LMSHackathon_Phase2/src/test/resources/Features/ClassPart2.feature:7)
]]>
    </error>
  </testcase> <!-- runScenario -->
  <system-out/>
  <testcase classname="runner.Runner" name="runScenario" time="0.015">
    <error message="Cannot invoke &quot;org.openqa.selenium.SearchContext.findElement(org.openqa.selenium.By)&quot; because &quot;this.searchContext&quot; is null" type="java.lang.NullPointerException">
      <![CDATA[java.lang.NullPointerException: Cannot invoke "org.openqa.selenium.SearchContext.findElement(org.openqa.selenium.By)" because "this.searchContext" is null
at org.openqa.selenium.support.pagefactory.DefaultElementLocator.findElement(DefaultElementLocator.java:68)
at org.openqa.selenium.support.pagefactory.internal.LocatingElementHandler.invoke(LocatingElementHandler.java:38)
at jdk.proxy2/jdk.proxy2.$Proxy59.click(Unknown Source)
at pages.ClassPage.clickclasslink(ClassPage.java:146)
at stepDefinition.ClassPart2_SD.admin_is_on_manage_class_page_after_clicking_class_button(ClassPart2_SD.java:23)
at ✽.Admin is on ManageClass page after clicking class button(file:///C:/Users/cnudr/git/LMSHackathon_Phase2/src/test/resources/Features/ClassPart2.feature:69)
]]>
    </error>
  </testcase> <!-- runScenario -->
  <system-out/>
  <testcase classname="runner.Runner" name="runScenario" time="0.014">
    <error message="Cannot invoke &quot;org.openqa.selenium.SearchContext.findElement(org.openqa.selenium.By)&quot; because &quot;this.searchContext&quot; is null" type="java.lang.NullPointerException">
      <![CDATA[java.lang.NullPointerException: Cannot invoke "org.openqa.selenium.SearchContext.findElement(org.openqa.selenium.By)" because "this.searchContext" is null
at org.openqa.selenium.support.pagefactory.DefaultElementLocator.findElement(DefaultElementLocator.java:68)
at org.openqa.selenium.support.pagefactory.internal.LocatingElementHandler.invoke(LocatingElementHandler.java:38)
at jdk.proxy2/jdk.proxy2.$Proxy59.click(Unknown Source)
at pages.ClassPage.clickclasslink(ClassPage.java:146)
at stepDefinition.ClassPart2_SD.admin_is_on_manage_class_page_after_clicking_class_button(ClassPart2_SD.java:23)
at ✽.Admin is on ManageClass page after clicking class button(file:///C:/Users/cnudr/git/LMSHackathon_Phase2/src/test/resources/Features/ClassPart2.feature:58)
]]>
    </error>
  </testcase> <!-- runScenario -->
  <system-out/>
  <testcase classname="runner.Runner" name="runScenario" time="0.025">
    <error message="Cannot invoke &quot;org.openqa.selenium.SearchContext.findElement(org.openqa.selenium.By)&quot; because &quot;this.searchContext&quot; is null" type="java.lang.NullPointerException">
      <![CDATA[java.lang.NullPointerException: Cannot invoke "org.openqa.selenium.SearchContext.findElement(org.openqa.selenium.By)" because "this.searchContext" is null
at org.openqa.selenium.support.pagefactory.DefaultElementLocator.findElement(DefaultElementLocator.java:68)
at org.openqa.selenium.support.pagefactory.internal.LocatingElementHandler.invoke(LocatingElementHandler.java:38)
at jdk.proxy2/jdk.proxy2.$Proxy59.click(Unknown Source)
at pages.ClassPage.clickclasslink(ClassPage.java:146)
at stepDefinition.ClassPart2_SD.admin_is_on_manage_class_page_after_clicking_class_button(ClassPart2_SD.java:23)
at ✽.Admin is on ManageClass page after clicking class button(file:///C:/Users/cnudr/git/LMSHackathon_Phase2/src/test/resources/Features/ClassPart2.feature:74)
]]>
    </error>
  </testcase> <!-- runScenario -->
  <system-out/>
  <testcase classname="runner.Runner" name="runScenario" time="0.025">
    <error message="Cannot invoke &quot;org.openqa.selenium.SearchContext.findElement(org.openqa.selenium.By)&quot; because &quot;this.searchContext&quot; is null" type="java.lang.NullPointerException">
      <![CDATA[java.lang.NullPointerException: Cannot invoke "org.openqa.selenium.SearchContext.findElement(org.openqa.selenium.By)" because "this.searchContext" is null
at org.openqa.selenium.support.pagefactory.DefaultElementLocator.findElement(DefaultElementLocator.java:68)
at org.openqa.selenium.support.pagefactory.internal.LocatingElementHandler.invoke(LocatingElementHandler.java:38)
at jdk.proxy2/jdk.proxy2.$Proxy59.click(Unknown Source)
at pages.ClassPage.clickclasslink(ClassPage.java:146)
at stepDefinition.ClassPart2_SD.admin_is_on_manage_class_page_after_clicking_class_button(ClassPart2_SD.java:23)
at ✽.Admin is on ManageClass page after clicking class button(file:///C:/Users/cnudr/git/LMSHackathon_Phase2/src/test/resources/Features/ClassPart2.feature:23)
]]>
    </error>
  </testcase> <!-- runScenario -->
  <system-out/>
  <testcase classname="runner.Runner" name="runScenario" time="0.017">
    <error message="Cannot invoke &quot;org.openqa.selenium.SearchContext.findElement(org.openqa.selenium.By)&quot; because &quot;this.searchContext&quot; is null" type="java.lang.NullPointerException">
      <![CDATA[java.lang.NullPointerException: Cannot invoke "org.openqa.selenium.SearchContext.findElement(org.openqa.selenium.By)" because "this.searchContext" is null
at org.openqa.selenium.support.pagefactory.DefaultElementLocator.findElement(DefaultElementLocator.java:68)
at org.openqa.selenium.support.pagefactory.internal.LocatingElementHandler.invoke(LocatingElementHandler.java:38)
at jdk.proxy2/jdk.proxy2.$Proxy59.click(Unknown Source)
at pages.ClassPage.clickclasslink(ClassPage.java:146)
at stepDefinition.ClassPart2_SD.admin_is_on_manage_class_page_after_clicking_class_button(ClassPart2_SD.java:23)
at ✽.Admin is on ManageClass page after clicking class button(file:///C:/Users/cnudr/git/LMSHackathon_Phase2/src/test/resources/Features/ClassPart2.feature:42)
]]>
    </error>
  </testcase> <!-- runScenario -->
  <system-out/>
  <testcase classname="runner.Runner" name="runScenario" time="0.015">
    <error message="Cannot invoke &quot;org.openqa.selenium.SearchContext.findElement(org.openqa.selenium.By)&quot; because &quot;this.searchContext&quot; is null" type="java.lang.NullPointerException">
      <![CDATA[java.lang.NullPointerException: Cannot invoke "org.openqa.selenium.SearchContext.findElement(org.openqa.selenium.By)" because "this.searchContext" is null
at org.openqa.selenium.support.pagefactory.DefaultElementLocator.findElement(DefaultElementLocator.java:68)
at org.openqa.selenium.support.pagefactory.internal.LocatingElementHandler.invoke(LocatingElementHandler.java:38)
at jdk.proxy2/jdk.proxy2.$Proxy59.click(Unknown Source)
at pages.ClassPage.clickclasslink(ClassPage.java:146)
at stepDefinition.ClassPart2_SD.admin_is_on_manage_class_page_after_clicking_class_button(ClassPart2_SD.java:23)
at ✽.Admin is on ManageClass page after clicking class button(file:///C:/Users/cnudr/git/LMSHackathon_Phase2/src/test/resources/Features/ClassPart2.feature:36)
]]>
    </error>
  </testcase> <!-- runScenario -->
  <system-out/>
  <testcase classname="runner.Runner" name="runScenario" time="0.019">
    <error message="Cannot invoke &quot;org.openqa.selenium.SearchContext.findElement(org.openqa.selenium.By)&quot; because &quot;this.searchContext&quot; is null" type="java.lang.NullPointerException">
      <![CDATA[java.lang.NullPointerException: Cannot invoke "org.openqa.selenium.SearchContext.findElement(org.openqa.selenium.By)" because "this.searchContext" is null
at org.openqa.selenium.support.pagefactory.DefaultElementLocator.findElement(DefaultElementLocator.java:68)
at org.openqa.selenium.support.pagefactory.internal.LocatingElementHandler.invoke(LocatingElementHandler.java:38)
at jdk.proxy2/jdk.proxy2.$Proxy59.click(Unknown Source)
at pages.ClassPage.clickclasslink(ClassPage.java:146)
at stepDefinition.ClassPart2_SD.admin_is_on_manage_class_page_after_clicking_class_button(ClassPart2_SD.java:23)
at ✽.Admin is on ManageClass page after clicking class button(file:///C:/Users/cnudr/git/LMSHackathon_Phase2/src/test/resources/Features/ClassPart2.feature:53)
]]>
    </error>
  </testcase> <!-- runScenario -->
  <system-out/>
  <testcase classname="runner.Runner" name="runScenario" time="0.016">
    <error message="Cannot invoke &quot;org.openqa.selenium.SearchContext.findElement(org.openqa.selenium.By)&quot; because &quot;this.searchContext&quot; is null" type="java.lang.NullPointerException">
      <![CDATA[java.lang.NullPointerException: Cannot invoke "org.openqa.selenium.SearchContext.findElement(org.openqa.selenium.By)" because "this.searchContext" is null
at org.openqa.selenium.support.pagefactory.DefaultElementLocator.findElement(DefaultElementLocator.java:68)
at org.openqa.selenium.support.pagefactory.internal.LocatingElementHandler.invoke(LocatingElementHandler.java:38)
at jdk.proxy2/jdk.proxy2.$Proxy59.click(Unknown Source)
at pages.ClassPage.clickclasslink(ClassPage.java:146)
at stepDefinition.ClassPart2_SD.admin_is_on_manage_class_page_after_clicking_class_button(ClassPart2_SD.java:23)
at ✽.Admin is on ManageClass page after clicking class button(file:///C:/Users/cnudr/git/LMSHackathon_Phase2/src/test/resources/Features/ClassPart2.feature:32)
]]>
    </error>
  </testcase> <!-- runScenario -->
  <system-out/>
  <testcase classname="runner.Runner" name="runScenario" time="0.021">
    <error message="Cannot invoke &quot;org.openqa.selenium.SearchContext.findElement(org.openqa.selenium.By)&quot; because &quot;this.searchContext&quot; is null" type="java.lang.NullPointerException">
      <![CDATA[java.lang.NullPointerException: Cannot invoke "org.openqa.selenium.SearchContext.findElement(org.openqa.selenium.By)" because "this.searchContext" is null
at org.openqa.selenium.support.pagefactory.DefaultElementLocator.findElement(DefaultElementLocator.java:68)
at org.openqa.selenium.support.pagefactory.internal.LocatingElementHandler.invoke(LocatingElementHandler.java:38)
at jdk.proxy2/jdk.proxy2.$Proxy59.click(Unknown Source)
at pages.ClassPage.clickclasslink(ClassPage.java:146)
at stepDefinition.ClassPart2_SD.admin_is_on_manage_class_page_after_clicking_class_button(ClassPart2_SD.java:23)
at ✽.Admin is on ManageClass page after clicking class button(file:///C:/Users/cnudr/git/LMSHackathon_Phase2/src/test/resources/Features/ClassPart2.feature:48)
]]>
    </error>
  </testcase> <!-- runScenario -->
  <system-out/>
  <testcase classname="runner.Runner" name="runScenario" time="0.031">
    <error message="Cannot invoke &quot;org.openqa.selenium.SearchContext.findElement(org.openqa.selenium.By)&quot; because &quot;this.searchContext&quot; is null" type="java.lang.NullPointerException">
      <![CDATA[java.lang.NullPointerException: Cannot invoke "org.openqa.selenium.SearchContext.findElement(org.openqa.selenium.By)" because "this.searchContext" is null
at org.openqa.selenium.support.pagefactory.DefaultElementLocator.findElement(DefaultElementLocator.java:68)
at org.openqa.selenium.support.pagefactory.internal.LocatingElementHandler.invoke(LocatingElementHandler.java:38)
at jdk.proxy2/jdk.proxy2.$Proxy59.click(Unknown Source)
at pages.ClassPage.clickclasslink(ClassPage.java:146)
at stepDefinition.ClassPart2_SD.admin_is_on_manage_class_page_after_clicking_class_button(ClassPart2_SD.java:23)
at ✽.Admin is on ManageClass page after clicking class button(file:///C:/Users/cnudr/git/LMSHackathon_Phase2/src/test/resources/Features/ClassPart2.feature:13)
]]>
    </error>
  </testcase> <!-- runScenario -->
  <system-out/>
</testsuite> <!-- runner.Runner -->
