<?xml version="1.0" encoding="UTF-8"?>
<!-- Generated by org.testng.reporters.JUnitReportReporter -->
<testsuite hostname="LAPTOP-RBLFDP3S" failures="0" tests="34" name="runner.Runner" time="1.030" errors="34" timestamp="2023-09-13T12:39:36 PDT" skipped="0">
  <testcase classname="runner.Runner" name="runScenario" time="0.018">
    <error message="Cannot invoke &quot;org.openqa.selenium.WebDriver.getCurrentUrl()&quot; because &quot;this.driver&quot; is null" type="java.lang.NullPointerException">
      <![CDATA[java.lang.NullPointerException: Cannot invoke "org.openqa.selenium.WebDriver.getCurrentUrl()" because "this.driver" is null
at stepDefinition.User_SD.user_admin_is_on_page_after_login(User_SD.java:34)
at ✽.User Admin is on "dashboard" page after Login(file:///C:/Users/cnudr/git/LMSHackathon_Phase2/src/test/resources/Features/UserPage.feature:24)
]]>
    </error>
  </testcase> <!-- runScenario -->
  <system-out/>
  <testcase classname="runner.Runner" name="runScenario" time="0.015">
    <error message="Cannot invoke &quot;org.openqa.selenium.WebDriver.getCurrentUrl()&quot; because &quot;this.driver&quot; is null" type="java.lang.NullPointerException">
      <![CDATA[java.lang.NullPointerException: Cannot invoke "org.openqa.selenium.WebDriver.getCurrentUrl()" because "this.driver" is null
at stepDefinition.User_SD.user_admin_is_on_page_after_login(User_SD.java:34)
at ✽.User Admin is on "dashboard" page after Login(file:///C:/Users/cnudr/git/LMSHackathon_Phase2/src/test/resources/Features/UserPage.feature:154)
]]>
    </error>
  </testcase> <!-- runScenario -->
  <system-out/>
  <testcase classname="runner.Runner" name="runScenario" time="0.014">
    <error message="Cannot invoke &quot;org.openqa.selenium.WebDriver.getCurrentUrl()&quot; because &quot;this.driver&quot; is null" type="java.lang.NullPointerException">
      <![CDATA[java.lang.NullPointerException: Cannot invoke "org.openqa.selenium.WebDriver.getCurrentUrl()" because "this.driver" is null
at stepDefinition.User_SD.user_admin_is_on_page_after_login(User_SD.java:34)
at ✽.User Admin is on "dashboard" page after Login(file:///C:/Users/cnudr/git/LMSHackathon_Phase2/src/test/resources/Features/UserPage.feature:112)
]]>
    </error>
  </testcase> <!-- runScenario -->
  <system-out/>
  <testcase classname="runner.Runner" name="runScenario" time="0.028">
    <error message="Cannot invoke &quot;org.openqa.selenium.WebDriver.getCurrentUrl()&quot; because &quot;this.driver&quot; is null" type="java.lang.NullPointerException">
      <![CDATA[java.lang.NullPointerException: Cannot invoke "org.openqa.selenium.WebDriver.getCurrentUrl()" because "this.driver" is null
at stepDefinition.User_SD.user_admin_is_on_page_after_login(User_SD.java:34)
at ✽.User Admin is on "dashboard" page after Login(file:///C:/Users/cnudr/git/LMSHackathon_Phase2/src/test/resources/Features/UserPage.feature:58)
]]>
    </error>
  </testcase> <!-- runScenario -->
  <system-out/>
  <testcase classname="runner.Runner" name="runScenario" time="0.018">
    <error message="Cannot invoke &quot;org.openqa.selenium.WebDriver.getCurrentUrl()&quot; because &quot;this.driver&quot; is null" type="java.lang.NullPointerException">
      <![CDATA[java.lang.NullPointerException: Cannot invoke "org.openqa.selenium.WebDriver.getCurrentUrl()" because "this.driver" is null
at stepDefinition.User_SD.user_admin_is_on_page_after_login(User_SD.java:34)
at ✽.User Admin is on "dashboard" page after Login(file:///C:/Users/cnudr/git/LMSHackathon_Phase2/src/test/resources/Features/UserPage.feature:58)
]]>
    </error>
  </testcase> <!-- runScenario -->
  <system-out/>
  <testcase classname="runner.Runner" name="runScenario" time="0.019">
    <error message="Cannot invoke &quot;org.openqa.selenium.WebDriver.getCurrentUrl()&quot; because &quot;this.driver&quot; is null" type="java.lang.NullPointerException">
      <![CDATA[java.lang.NullPointerException: Cannot invoke "org.openqa.selenium.WebDriver.getCurrentUrl()" because "this.driver" is null
at stepDefinition.User_SD.user_admin_is_on_page_after_login(User_SD.java:34)
at ✽.User Admin is on "dashboard" page after Login(file:///C:/Users/cnudr/git/LMSHackathon_Phase2/src/test/resources/Features/UserPage.feature:43)
]]>
    </error>
  </testcase> <!-- runScenario -->
  <system-out/>
  <testcase classname="runner.Runner" name="runScenario" time="0.028">
    <error message="Cannot invoke &quot;org.openqa.selenium.WebDriver.getCurrentUrl()&quot; because &quot;this.driver&quot; is null" type="java.lang.NullPointerException">
      <![CDATA[java.lang.NullPointerException: Cannot invoke "org.openqa.selenium.WebDriver.getCurrentUrl()" because "this.driver" is null
at stepDefinition.User_SD.user_admin_is_on_page_after_login(User_SD.java:34)
at ✽.User Admin is on "dashboard" page after Login(file:///C:/Users/cnudr/git/LMSHackathon_Phase2/src/test/resources/Features/UserPage.feature:14)
]]>
    </error>
  </testcase> <!-- runScenario -->
  <system-out/>
  <testcase classname="runner.Runner" name="runScenario" time="0.021">
    <error message="Cannot invoke &quot;org.openqa.selenium.WebDriver.getCurrentUrl()&quot; because &quot;this.driver&quot; is null" type="java.lang.NullPointerException">
      <![CDATA[java.lang.NullPointerException: Cannot invoke "org.openqa.selenium.WebDriver.getCurrentUrl()" because "this.driver" is null
at stepDefinition.User_SD.user_admin_is_on_page_after_login(User_SD.java:34)
at ✽.User Admin is on "dashboard" page after Login(file:///C:/Users/cnudr/git/LMSHackathon_Phase2/src/test/resources/Features/UserPage.feature:38)
]]>
    </error>
  </testcase> <!-- runScenario -->
  <system-out/>
  <testcase classname="runner.Runner" name="runScenario" time="0.017">
    <error message="Cannot invoke &quot;org.openqa.selenium.WebDriver.getCurrentUrl()&quot; because &quot;this.driver&quot; is null" type="java.lang.NullPointerException">
      <![CDATA[java.lang.NullPointerException: Cannot invoke "org.openqa.selenium.WebDriver.getCurrentUrl()" because "this.driver" is null
at stepDefinition.User_SD.user_admin_is_on_page_after_login(User_SD.java:34)
at ✽.User Admin is on "dashboard" page after Login(file:///C:/Users/cnudr/git/LMSHackathon_Phase2/src/test/resources/Features/UserPage.feature:84)
]]>
    </error>
  </testcase> <!-- runScenario -->
  <system-out/>
  <testcase classname="runner.Runner" name="runScenario" time="0.015">
    <error message="Cannot invoke &quot;org.openqa.selenium.WebDriver.getCurrentUrl()&quot; because &quot;this.driver&quot; is null" type="java.lang.NullPointerException">
      <![CDATA[java.lang.NullPointerException: Cannot invoke "org.openqa.selenium.WebDriver.getCurrentUrl()" because "this.driver" is null
at stepDefinition.User_SD.user_admin_is_on_page_after_login(User_SD.java:34)
at ✽.User Admin is on "dashboard" page after Login(file:///C:/Users/cnudr/git/LMSHackathon_Phase2/src/test/resources/Features/UserPage.feature:112)
]]>
    </error>
  </testcase> <!-- runScenario -->
  <system-out/>
  <testcase classname="runner.Runner" name="runScenario" time="0.040">
    <error message="Cannot invoke &quot;org.openqa.selenium.WebDriver.getCurrentUrl()&quot; because &quot;this.driver&quot; is null" type="java.lang.NullPointerException">
      <![CDATA[java.lang.NullPointerException: Cannot invoke "org.openqa.selenium.WebDriver.getCurrentUrl()" because "this.driver" is null
at stepDefinition.User_SD.user_admin_is_on_page_after_login(User_SD.java:34)
at ✽.User Admin is on "dashboard" page after Login(file:///C:/Users/cnudr/git/LMSHackathon_Phase2/src/test/resources/Features/UserPage.feature:24)
]]>
    </error>
  </testcase> <!-- runScenario -->
  <system-out/>
  <testcase classname="runner.Runner" name="runScenario" time="0.021">
    <error message="Cannot invoke &quot;org.openqa.selenium.WebDriver.getCurrentUrl()&quot; because &quot;this.driver&quot; is null" type="java.lang.NullPointerException">
      <![CDATA[java.lang.NullPointerException: Cannot invoke "org.openqa.selenium.WebDriver.getCurrentUrl()" because "this.driver" is null
at stepDefinition.User_SD.user_admin_is_on_page_after_login(User_SD.java:34)
at ✽.User Admin is on "dashboard" page after Login(file:///C:/Users/cnudr/git/LMSHackathon_Phase2/src/test/resources/Features/UserPage.feature:48)
]]>
    </error>
  </testcase> <!-- runScenario -->
  <system-out/>
  <testcase classname="runner.Runner" name="runScenario" time="0.021">
    <error message="Cannot invoke &quot;org.openqa.selenium.WebDriver.getCurrentUrl()&quot; because &quot;this.driver&quot; is null" type="java.lang.NullPointerException">
      <![CDATA[java.lang.NullPointerException: Cannot invoke "org.openqa.selenium.WebDriver.getCurrentUrl()" because "this.driver" is null
at stepDefinition.User_SD.user_admin_is_on_page_after_login(User_SD.java:34)
at ✽.User Admin is on "dashboard" page after Login(file:///C:/Users/cnudr/git/LMSHackathon_Phase2/src/test/resources/Features/UserPage.feature:24)
]]>
    </error>
  </testcase> <!-- runScenario -->
  <system-out/>
  <testcase classname="runner.Runner" name="runScenario" time="0.016">
    <error message="Cannot invoke &quot;org.openqa.selenium.WebDriver.getCurrentUrl()&quot; because &quot;this.driver&quot; is null" type="java.lang.NullPointerException">
      <![CDATA[java.lang.NullPointerException: Cannot invoke "org.openqa.selenium.WebDriver.getCurrentUrl()" because "this.driver" is null
at stepDefinition.User_SD.user_admin_is_on_page_after_login(User_SD.java:34)
at ✽.User Admin is on "dashboard" page after Login(file:///C:/Users/cnudr/git/LMSHackathon_Phase2/src/test/resources/Features/UserPage.feature:112)
]]>
    </error>
  </testcase> <!-- runScenario -->
  <system-out/>
  <testcase classname="runner.Runner" name="runScenario" time="0.031">
    <error message="Cannot invoke &quot;org.openqa.selenium.WebDriver.getCurrentUrl()&quot; because &quot;this.driver&quot; is null" type="java.lang.NullPointerException">
      <![CDATA[java.lang.NullPointerException: Cannot invoke "org.openqa.selenium.WebDriver.getCurrentUrl()" because "this.driver" is null
at stepDefinition.User_SD.user_admin_is_on_page_after_login(User_SD.java:34)
at ✽.User Admin is on "dashboard" page after Login(file:///C:/Users/cnudr/git/LMSHackathon_Phase2/src/test/resources/Features/UserPage.feature:19)
]]>
    </error>
  </testcase> <!-- runScenario -->
  <system-out/>
  <testcase classname="runner.Runner" name="runScenario" time="0.018">
    <error message="Cannot invoke &quot;org.openqa.selenium.WebDriver.getCurrentUrl()&quot; because &quot;this.driver&quot; is null" type="java.lang.NullPointerException">
      <![CDATA[java.lang.NullPointerException: Cannot invoke "org.openqa.selenium.WebDriver.getCurrentUrl()" because "this.driver" is null
at stepDefinition.User_SD.user_admin_is_on_page_after_login(User_SD.java:34)
at ✽.User Admin is on "dashboard" page after Login(file:///C:/Users/cnudr/git/LMSHackathon_Phase2/src/test/resources/Features/UserPage.feature:53)
]]>
    </error>
  </testcase> <!-- runScenario -->
  <system-out/>
  <testcase classname="runner.Runner" name="runScenario" time="0.015">
    <error message="Cannot invoke &quot;org.openqa.selenium.WebDriver.getCurrentUrl()&quot; because &quot;this.driver&quot; is null" type="java.lang.NullPointerException">
      <![CDATA[java.lang.NullPointerException: Cannot invoke "org.openqa.selenium.WebDriver.getCurrentUrl()" because "this.driver" is null
at stepDefinition.User_SD.user_admin_is_on_page_after_login(User_SD.java:34)
at ✽.User Admin is on "dashboard" page after Login(file:///C:/Users/cnudr/git/LMSHackathon_Phase2/src/test/resources/Features/UserPage.feature:112)
]]>
    </error>
  </testcase> <!-- runScenario -->
  <system-out/>
  <testcase classname="runner.Runner" name="runScenario" time="0.020">
    <error message="Cannot invoke &quot;org.openqa.selenium.WebDriver.getCurrentUrl()&quot; because &quot;this.driver&quot; is null" type="java.lang.NullPointerException">
      <![CDATA[java.lang.NullPointerException: Cannot invoke "org.openqa.selenium.WebDriver.getCurrentUrl()" because "this.driver" is null
at stepDefinition.User_SD.user_admin_is_on_page_after_login(User_SD.java:34)
at ✽.User Admin is on "dashboard" page after Login(file:///C:/Users/cnudr/git/LMSHackathon_Phase2/src/test/resources/Features/UserPage.feature:84)
]]>
    </error>
  </testcase> <!-- runScenario -->
  <system-out/>
  <testcase classname="runner.Runner" name="runScenario" time="0.015">
    <error message="Cannot invoke &quot;org.openqa.selenium.WebDriver.getCurrentUrl()&quot; because &quot;this.driver&quot; is null" type="java.lang.NullPointerException">
      <![CDATA[java.lang.NullPointerException: Cannot invoke "org.openqa.selenium.WebDriver.getCurrentUrl()" because "this.driver" is null
at stepDefinition.User_SD.user_admin_is_on_page_after_login(User_SD.java:34)
at ✽.User Admin is on "dashboard" page after Login(file:///C:/Users/cnudr/git/LMSHackathon_Phase2/src/test/resources/Features/UserPage.feature:165)
]]>
    </error>
  </testcase> <!-- runScenario -->
  <system-out/>
  <testcase classname="runner.Runner" name="runScenario" time="0.026">
    <error message="Cannot invoke &quot;org.openqa.selenium.WebDriver.getCurrentUrl()&quot; because &quot;this.driver&quot; is null" type="java.lang.NullPointerException">
      <![CDATA[java.lang.NullPointerException: Cannot invoke "org.openqa.selenium.WebDriver.getCurrentUrl()" because "this.driver" is null
at stepDefinition.User_SD.user_admin_is_on_page_after_login(User_SD.java:34)
at ✽.User Admin is on "dashboard" page after Login(file:///C:/Users/cnudr/git/LMSHackathon_Phase2/src/test/resources/Features/UserPage.feature:24)
]]>
    </error>
  </testcase> <!-- runScenario -->
  <system-out/>
  <testcase classname="runner.Runner" name="runScenario" time="0.019">
    <error message="Cannot invoke &quot;org.openqa.selenium.WebDriver.getCurrentUrl()&quot; because &quot;this.driver&quot; is null" type="java.lang.NullPointerException">
      <![CDATA[java.lang.NullPointerException: Cannot invoke "org.openqa.selenium.WebDriver.getCurrentUrl()" because "this.driver" is null
at stepDefinition.User_SD.user_admin_is_on_page_after_login(User_SD.java:34)
at ✽.User Admin is on "dashboard" page after Login(file:///C:/Users/cnudr/git/LMSHackathon_Phase2/src/test/resources/Features/UserPage.feature:84)
]]>
    </error>
  </testcase> <!-- runScenario -->
  <system-out/>
  <testcase classname="runner.Runner" name="runScenario" time="0.018">
    <error message="Cannot invoke &quot;org.openqa.selenium.WebDriver.getCurrentUrl()&quot; because &quot;this.driver&quot; is null" type="java.lang.NullPointerException">
      <![CDATA[java.lang.NullPointerException: Cannot invoke "org.openqa.selenium.WebDriver.getCurrentUrl()" because "this.driver" is null
at stepDefinition.User_SD.user_admin_is_on_page_after_login(User_SD.java:34)
at ✽.User Admin is on "dashboard" page after Login(file:///C:/Users/cnudr/git/LMSHackathon_Phase2/src/test/resources/Features/UserPage.feature:112)
]]>
    </error>
  </testcase> <!-- runScenario -->
  <system-out/>
  <testcase classname="runner.Runner" name="runScenario" time="0.016">
    <error message="Cannot invoke &quot;org.openqa.selenium.WebDriver.getCurrentUrl()&quot; because &quot;this.driver&quot; is null" type="java.lang.NullPointerException">
      <![CDATA[java.lang.NullPointerException: Cannot invoke "org.openqa.selenium.WebDriver.getCurrentUrl()" because "this.driver" is null
at stepDefinition.User_SD.user_admin_is_on_page_after_login(User_SD.java:34)
at ✽.User Admin is on "dashboard" page after Login(file:///C:/Users/cnudr/git/LMSHackathon_Phase2/src/test/resources/Features/UserPage.feature:140)
]]>
    </error>
  </testcase> <!-- runScenario -->
  <system-out/>
  <testcase classname="runner.Runner" name="runScenario" time="0.374">
    <error message="Cannot invoke &quot;org.openqa.selenium.WebDriver.getCurrentUrl()&quot; because &quot;this.driver&quot; is null" type="java.lang.NullPointerException">
      <![CDATA[java.lang.NullPointerException: Cannot invoke "org.openqa.selenium.WebDriver.getCurrentUrl()" because "this.driver" is null
at stepDefinition.User_SD.user_admin_is_on_page_after_login(User_SD.java:34)
at ✽.User Admin is on "dashboard" page after Login(file:///C:/Users/cnudr/git/LMSHackathon_Phase2/src/test/resources/Features/UserPage.feature:9)
]]>
    </error>
  </testcase> <!-- runScenario -->
  <system-out/>
  <testcase classname="runner.Runner" name="runScenario" time="0.019">
    <error message="Cannot invoke &quot;org.openqa.selenium.WebDriver.getCurrentUrl()&quot; because &quot;this.driver&quot; is null" type="java.lang.NullPointerException">
      <![CDATA[java.lang.NullPointerException: Cannot invoke "org.openqa.selenium.WebDriver.getCurrentUrl()" because "this.driver" is null
at stepDefinition.User_SD.user_admin_is_on_page_after_login_and_user_admin_clicks_user_from_navigation_bar(User_SD.java:48)
at ✽.User Admin is on "dashboard" page after Login And User Admin clicks User from navigation bar(file:///C:/Users/cnudr/git/LMSHackathon_Phase2/src/test/resources/Features/UserPage.feature:69)
]]>
    </error>
  </testcase> <!-- runScenario -->
  <system-out/>
  <testcase classname="runner.Runner" name="runScenario" time="0.021">
    <error message="Cannot invoke &quot;org.openqa.selenium.WebDriver.getCurrentUrl()&quot; because &quot;this.driver&quot; is null" type="java.lang.NullPointerException">
      <![CDATA[java.lang.NullPointerException: Cannot invoke "org.openqa.selenium.WebDriver.getCurrentUrl()" because "this.driver" is null
at stepDefinition.User_SD.user_admin_is_on_page_after_login(User_SD.java:34)
at ✽.User Admin is on "dashboard" page after Login(file:///C:/Users/cnudr/git/LMSHackathon_Phase2/src/test/resources/Features/UserPage.feature:77)
]]>
    </error>
  </testcase> <!-- runScenario -->
  <system-out/>
  <testcase classname="runner.Runner" name="runScenario" time="0.016">
    <error message="Cannot invoke &quot;org.openqa.selenium.WebDriver.getCurrentUrl()&quot; because &quot;this.driver&quot; is null" type="java.lang.NullPointerException">
      <![CDATA[java.lang.NullPointerException: Cannot invoke "org.openqa.selenium.WebDriver.getCurrentUrl()" because "this.driver" is null
at stepDefinition.User_SD.user_admin_is_on_page_after_login(User_SD.java:34)
at ✽.User Admin is on "dashboard" page after Login(file:///C:/Users/cnudr/git/LMSHackathon_Phase2/src/test/resources/Features/UserPage.feature:104)
]]>
    </error>
  </testcase> <!-- runScenario -->
  <system-out/>
  <testcase classname="runner.Runner" name="runScenario" time="0.013">
    <error message="Cannot invoke &quot;org.openqa.selenium.WebDriver.getCurrentUrl()&quot; because &quot;this.driver&quot; is null" type="java.lang.NullPointerException">
      <![CDATA[java.lang.NullPointerException: Cannot invoke "org.openqa.selenium.WebDriver.getCurrentUrl()" because "this.driver" is null
at stepDefinition.User_SD.user_admin_is_on_page_after_login(User_SD.java:34)
at ✽.User Admin is on "dashboard" page after Login(file:///C:/Users/cnudr/git/LMSHackathon_Phase2/src/test/resources/Features/UserPage.feature:147)
]]>
    </error>
  </testcase> <!-- runScenario -->
  <system-out/>
  <testcase classname="runner.Runner" name="runScenario" time="0.025">
    <error message="Cannot invoke &quot;org.openqa.selenium.WebDriver.getCurrentUrl()&quot; because &quot;this.driver&quot; is null" type="java.lang.NullPointerException">
      <![CDATA[java.lang.NullPointerException: Cannot invoke "org.openqa.selenium.WebDriver.getCurrentUrl()" because "this.driver" is null
at stepDefinition.User_SD.user_admin_is_on_page_after_login(User_SD.java:34)
at ✽.User Admin is on "dashboard" page after Login(file:///C:/Users/cnudr/git/LMSHackathon_Phase2/src/test/resources/Features/UserPage.feature:24)
]]>
    </error>
  </testcase> <!-- runScenario -->
  <system-out/>
  <testcase classname="runner.Runner" name="runScenario" time="0.018">
    <error message="Cannot invoke &quot;org.openqa.selenium.WebDriver.getCurrentUrl()&quot; because &quot;this.driver&quot; is null" type="java.lang.NullPointerException">
      <![CDATA[java.lang.NullPointerException: Cannot invoke "org.openqa.selenium.WebDriver.getCurrentUrl()" because "this.driver" is null
at stepDefinition.User_SD.user_admin_is_on_page_after_login(User_SD.java:34)
at ✽.User Admin is on "dashboard" page after Login(file:///C:/Users/cnudr/git/LMSHackathon_Phase2/src/test/resources/Features/UserPage.feature:84)
]]>
    </error>
  </testcase> <!-- runScenario -->
  <system-out/>
  <testcase classname="runner.Runner" name="runScenario" time="0.024">
    <error message="Cannot invoke &quot;org.openqa.selenium.WebDriver.getCurrentUrl()&quot; because &quot;this.driver&quot; is null" type="java.lang.NullPointerException">
      <![CDATA[java.lang.NullPointerException: Cannot invoke "org.openqa.selenium.WebDriver.getCurrentUrl()" because "this.driver" is null
at stepDefinition.User_SD.user_admin_is_on_page_after_login(User_SD.java:34)
at ✽.User Admin is on "dashboard" page after Login(file:///C:/Users/cnudr/git/LMSHackathon_Phase2/src/test/resources/Features/UserPage.feature:24)
]]>
    </error>
  </testcase> <!-- runScenario -->
  <system-out/>
  <testcase classname="runner.Runner" name="runScenario" time="0.016">
    <error message="Cannot invoke &quot;org.openqa.selenium.WebDriver.getCurrentUrl()&quot; because &quot;this.driver&quot; is null" type="java.lang.NullPointerException">
      <![CDATA[java.lang.NullPointerException: Cannot invoke "org.openqa.selenium.WebDriver.getCurrentUrl()" because "this.driver" is null
at stepDefinition.User_SD.user_admin_is_on_page_after_login(User_SD.java:34)
at ✽.User Admin is on "dashboard" page after Login(file:///C:/Users/cnudr/git/LMSHackathon_Phase2/src/test/resources/Features/UserPage.feature:133)
]]>
    </error>
  </testcase> <!-- runScenario -->
  <system-out/>
  <testcase classname="runner.Runner" name="runScenario" time="0.022">
    <error message="Cannot invoke &quot;org.openqa.selenium.WebDriver.getCurrentUrl()&quot; because &quot;this.driver&quot; is null" type="java.lang.NullPointerException">
      <![CDATA[java.lang.NullPointerException: Cannot invoke "org.openqa.selenium.WebDriver.getCurrentUrl()" because "this.driver" is null
at stepDefinition.User_SD.user_admin_is_on_page_after_login(User_SD.java:34)
at ✽.User Admin is on "dashboard" page after Login(file:///C:/Users/cnudr/git/LMSHackathon_Phase2/src/test/resources/Features/UserPage.feature:58)
]]>
    </error>
  </testcase> <!-- runScenario -->
  <system-out/>
  <testcase classname="runner.Runner" name="runScenario" time="0.013">
    <error message="Cannot invoke &quot;org.openqa.selenium.WebElement.click()&quot; because &quot;this.firstCheckbox&quot; is null" type="java.lang.NullPointerException">
      <![CDATA[java.lang.NullPointerException: Cannot invoke "org.openqa.selenium.WebElement.click()" because "this.firstCheckbox" is null
at pages.UserPage.selectFirstCheckbox(UserPage.java:609)
at stepDefinition.User_SD.user_admin_one_of_the_checkbox_row_is_selected(User_SD.java:255)
at ✽.Admin User One of the checkbox row is selected(file:///C:/Users/cnudr/git/LMSHackathon_Phase2/src/test/resources/Features/UserPage.feature:160)
]]>
    </error>
  </testcase> <!-- runScenario -->
  <system-out/>
</testsuite> <!-- runner.Runner -->
