<?xml version="1.0" encoding="UTF-8"?>
<!-- Generated by org.testng.reporters.JUnitReportReporter -->
<testsuite hostname="DESKTOP-JSLH211" failures="0" tests="131" name="runner.Runner$AllureReport" time="6.617" errors="131" timestamp="2023-09-12T08:28:22 CDT" skipped="0">
  <testcase classname="runner.Runner$AllureReport" name="runScenario" time="0.072">
    <error message="Cannot invoke &quot;org.openqa.selenium.WebDriver.get(String)&quot; because &quot;this.driver&quot; is null" type="java.lang.NullPointerException">
      <![CDATA[java.lang.NullPointerException: Cannot invoke "org.openqa.selenium.WebDriver.get(String)" because "this.driver" is null
at pages.ClassPage.homepage(ClassPage.java:98)
at stepDefinition.AddNewClass_SD.admin_is_in_class_detail_popup_window(AddNewClass_SD.java:27)
at ?.Admin is in class detail popup window(file:///C:/Users/amitf/eclipse-workspace/LMSHackathon_Phase2/src/test/resources/Features/AddNewClass.feature:3)
]]>
    </error>
  </testcase> <!-- runScenario -->
  <system-out/>
  <testcase classname="runner.Runner$AllureReport" name="runScenario" time="0.019">
    <error message="Cannot invoke &quot;org.openqa.selenium.WebDriver.get(String)&quot; because &quot;this.driver&quot; is null" type="java.lang.NullPointerException">
      <![CDATA[java.lang.NullPointerException: Cannot invoke "org.openqa.selenium.WebDriver.get(String)" because "this.driver" is null
at pages.ClassPage.homepage(ClassPage.java:98)
at stepDefinition.EditClass_SD.admin_is_in_edit_class_detail_popup_window(EditClass_SD.java:24)
at ?.Admin is in  Edit class detail popup window(file:///C:/Users/amitf/eclipse-workspace/LMSHackathon_Phase2/src/test/resources/Features/EditClass.feature:3)
]]>
    </error>
  </testcase> <!-- runScenario -->
  <system-out/>
  <testcase classname="runner.Runner$AllureReport" name="runScenario" time="0.017">
    <error message="Cannot invoke &quot;org.openqa.selenium.WebDriver.get(String)&quot; because &quot;this.driver&quot; is null" type="java.lang.NullPointerException">
      <![CDATA[java.lang.NullPointerException: Cannot invoke "org.openqa.selenium.WebDriver.get(String)" because "this.driver" is null
at pages.ClassPage.homepage(ClassPage.java:98)
at stepDefinition.EditClass_SD.admin_is_in_edit_class_detail_popup_window(EditClass_SD.java:24)
at ?.Admin is in  Edit class detail popup window(file:///C:/Users/amitf/eclipse-workspace/LMSHackathon_Phase2/src/test/resources/Features/EditClass.feature:3)
]]>
    </error>
  </testcase> <!-- runScenario -->
  <system-out/>
  <testcase classname="runner.Runner$AllureReport" name="runScenario" time="0.024">
    <error message="Cannot invoke &quot;org.openqa.selenium.WebDriver.get(String)&quot; because &quot;this.driver&quot; is null" type="java.lang.NullPointerException">
      <![CDATA[java.lang.NullPointerException: Cannot invoke "org.openqa.selenium.WebDriver.get(String)" because "this.driver" is null
at pages.ClassPage.homepage(ClassPage.java:98)
at stepDefinition.EditClass_SD.admin_is_in_edit_class_detail_popup_window(EditClass_SD.java:24)
at ?.Admin is in  Edit class detail popup window(file:///C:/Users/amitf/eclipse-workspace/LMSHackathon_Phase2/src/test/resources/Features/EditClass.feature:3)
]]>
    </error>
  </testcase> <!-- runScenario -->
  <system-out/>
  <testcase classname="runner.Runner$AllureReport" name="runScenario" time="0.054">
    <error message="Cannot invoke &quot;org.openqa.selenium.WebDriver.get(String)&quot; because &quot;this.driver&quot; is null" type="java.lang.NullPointerException">
      <![CDATA[java.lang.NullPointerException: Cannot invoke "org.openqa.selenium.WebDriver.get(String)" because "this.driver" is null
at pages.ClassPage.homepage(ClassPage.java:98)
at stepDefinition.AddNewClass_SD.admin_is_in_class_detail_popup_window(AddNewClass_SD.java:27)
at ?.Admin is in class detail popup window(file:///C:/Users/amitf/eclipse-workspace/LMSHackathon_Phase2/src/test/resources/Features/AddNewClass.feature:3)
]]>
    </error>
  </testcase> <!-- runScenario -->
  <system-out/>
  <testcase classname="runner.Runner$AllureReport" name="runScenario" time="0.020">
    <error message="Cannot invoke &quot;org.openqa.selenium.WebDriver.get(String)&quot; because &quot;this.driver&quot; is null" type="java.lang.NullPointerException">
      <![CDATA[java.lang.NullPointerException: Cannot invoke "org.openqa.selenium.WebDriver.get(String)" because "this.driver" is null
at pages.ClassPage.homepage(ClassPage.java:98)
at stepDefinition.EditClass_SD.admin_is_in_edit_class_detail_popup_window(EditClass_SD.java:24)
at ?.Admin is in  Edit class detail popup window(file:///C:/Users/amitf/eclipse-workspace/LMSHackathon_Phase2/src/test/resources/Features/ManageClass.feature:3)
]]>
    </error>
  </testcase> <!-- runScenario -->
  <system-out/>
  <testcase classname="runner.Runner$AllureReport" name="runScenario" time="0.021">
    <error message="Cannot invoke &quot;org.openqa.selenium.WebDriver.get(String)&quot; because &quot;this.driver&quot; is null" type="java.lang.NullPointerException">
      <![CDATA[java.lang.NullPointerException: Cannot invoke "org.openqa.selenium.WebDriver.get(String)" because "this.driver" is null
at pages.ClassPage.homepage(ClassPage.java:98)
at stepDefinition.EditClass_SD.admin_is_in_edit_class_detail_popup_window(EditClass_SD.java:24)
at ?.Admin is in  Edit class detail popup window(file:///C:/Users/amitf/eclipse-workspace/LMSHackathon_Phase2/src/test/resources/Features/ManageClass.feature:3)
]]>
    </error>
  </testcase> <!-- runScenario -->
  <system-out/>
  <testcase classname="runner.Runner$AllureReport" name="runScenario" time="0.047">
    <error message="Cannot invoke &quot;org.openqa.selenium.WebDriver.get(String)&quot; because &quot;this.driver&quot; is null" type="java.lang.NullPointerException">
      <![CDATA[java.lang.NullPointerException: Cannot invoke "org.openqa.selenium.WebDriver.get(String)" because "this.driver" is null
at pages.ClassPage.homepage(ClassPage.java:98)
at stepDefinition.AddNewClass_SD.admin_is_in_class_detail_popup_window(AddNewClass_SD.java:27)
at ?.Admin is in class detail popup window(file:///C:/Users/amitf/eclipse-workspace/LMSHackathon_Phase2/src/test/resources/Features/AddNewClass.feature:3)
]]>
    </error>
  </testcase> <!-- runScenario -->
  <system-out/>
  <testcase classname="runner.Runner$AllureReport" name="runScenario" time="0.093">
    <error message="Cannot invoke &quot;org.openqa.selenium.WebDriver.get(String)&quot; because &quot;this.driver&quot; is null" type="java.lang.NullPointerException">
      <![CDATA[java.lang.NullPointerException: Cannot invoke "org.openqa.selenium.WebDriver.get(String)" because "this.driver" is null
at pages.ClassPage.homepage(ClassPage.java:98)
at stepDefinition.AddNewClass_SD.admin_is_in_class_detail_popup_window(AddNewClass_SD.java:27)
at ?.Admin is in class detail popup window(file:///C:/Users/amitf/eclipse-workspace/LMSHackathon_Phase2/src/test/resources/Features/AddNewClass.feature:3)
]]>
    </error>
  </testcase> <!-- runScenario -->
  <system-out/>
  <testcase classname="runner.Runner$AllureReport" name="runScenario" time="0.095">
    <error message="Cannot invoke &quot;org.openqa.selenium.WebDriver.get(String)&quot; because &quot;this.driver&quot; is null" type="java.lang.NullPointerException">
      <![CDATA[java.lang.NullPointerException: Cannot invoke "org.openqa.selenium.WebDriver.get(String)" because "this.driver" is null
at pages.ClassPage.homepage(ClassPage.java:98)
at stepDefinition.Classdetailspopup_SD.admin_is_on_manage_class_page_after_clicking_class_button(Classdetailspopup_SD.java:24)
at ?.Admin is on ManageClass page after clicking class button(file:///C:/Users/amitf/eclipse-workspace/LMSHackathon_Phase2/src/test/resources/Features/Classdetailpopupwindow.feature:3)
]]>
    </error>
  </testcase> <!-- runScenario -->
  <system-out/>
  <testcase classname="runner.Runner$AllureReport" name="runScenario" time="0.019">
    <error message="Cannot invoke &quot;org.openqa.selenium.WebDriver.get(String)&quot; because &quot;this.driver&quot; is null" type="java.lang.NullPointerException">
      <![CDATA[java.lang.NullPointerException: Cannot invoke "org.openqa.selenium.WebDriver.get(String)" because "this.driver" is null
at pages.ClassPage.homepage(ClassPage.java:98)
at stepDefinition.EditClass_SD.admin_is_in_edit_class_detail_popup_window(EditClass_SD.java:24)
at ?.Admin is in  Edit class detail popup window(file:///C:/Users/amitf/eclipse-workspace/LMSHackathon_Phase2/src/test/resources/Features/ManageClass.feature:3)
]]>
    </error>
  </testcase> <!-- runScenario -->
  <system-out/>
  <testcase classname="runner.Runner$AllureReport" name="runScenario" time="0.016">
    <error message="Cannot invoke &quot;org.openqa.selenium.WebDriver.get(String)&quot; because &quot;this.driver&quot; is null" type="java.lang.NullPointerException">
      <![CDATA[java.lang.NullPointerException: Cannot invoke "org.openqa.selenium.WebDriver.get(String)" because "this.driver" is null
at pages.ClassPage.homepage(ClassPage.java:98)
at stepDefinition.EditClass_SD.admin_is_in_edit_class_detail_popup_window(EditClass_SD.java:24)
at ?.Admin is in  Edit class detail popup window(file:///C:/Users/amitf/eclipse-workspace/LMSHackathon_Phase2/src/test/resources/Features/ManageClass.feature:3)
]]>
    </error>
  </testcase> <!-- runScenario -->
  <system-out/>
  <testcase classname="runner.Runner$AllureReport" name="runScenario" time="0.035">
    <error message="Cannot invoke &quot;org.openqa.selenium.WebDriver.get(String)&quot; because &quot;this.driver&quot; is null" type="java.lang.NullPointerException">
      <![CDATA[java.lang.NullPointerException: Cannot invoke "org.openqa.selenium.WebDriver.get(String)" because "this.driver" is null
at pages.ClassPage.homepage(ClassPage.java:98)
at stepDefinition.Classdetailspopup_SD.admin_is_on_manage_class_page_after_clicking_class_button(Classdetailspopup_SD.java:24)
at ?.Admin is on ManageClass page after clicking class button(file:///C:/Users/amitf/eclipse-workspace/LMSHackathon_Phase2/src/test/resources/Features/Classdetailpopupwindow.feature:3)
]]>
    </error>
  </testcase> <!-- runScenario -->
  <system-out/>
  <testcase classname="runner.Runner$AllureReport" name="runScenario" time="0.183">
    <error message="Cannot invoke &quot;org.openqa.selenium.WebDriver.get(String)&quot; because &quot;this.driver&quot; is null" type="java.lang.NullPointerException">
      <![CDATA[java.lang.NullPointerException: Cannot invoke "org.openqa.selenium.WebDriver.get(String)" because "this.driver" is null
at pages.ClassPage.homepage(ClassPage.java:98)
at stepDefinition.EditClass_SD.admin_is_in_edit_class_detail_popup_window(EditClass_SD.java:24)
at ?.Admin is in  Edit class detail popup window(file:///C:/Users/amitf/eclipse-workspace/LMSHackathon_Phase2/src/test/resources/Features/EditClass.feature:3)
]]>
    </error>
  </testcase> <!-- runScenario -->
  <system-out/>
  <testcase classname="runner.Runner$AllureReport" name="runScenario" time="0.022">
    <error message="Cannot invoke &quot;org.openqa.selenium.WebDriver.get(String)&quot; because &quot;this.driver&quot; is null" type="java.lang.NullPointerException">
      <![CDATA[java.lang.NullPointerException: Cannot invoke "org.openqa.selenium.WebDriver.get(String)" because "this.driver" is null
at pages.ClassPage.homepage(ClassPage.java:98)
at stepDefinition.EditClass_SD.admin_is_in_edit_class_detail_popup_window(EditClass_SD.java:24)
at ?.Admin is in  Edit class detail popup window(file:///C:/Users/amitf/eclipse-workspace/LMSHackathon_Phase2/src/test/resources/Features/EditClass.feature:3)
]]>
    </error>
  </testcase> <!-- runScenario -->
  <system-out/>
  <testcase classname="runner.Runner$AllureReport" name="runScenario" time="0.025">
    <error message="Cannot invoke &quot;org.openqa.selenium.WebDriver.get(String)&quot; because &quot;this.driver&quot; is null" type="java.lang.NullPointerException">
      <![CDATA[java.lang.NullPointerException: Cannot invoke "org.openqa.selenium.WebDriver.get(String)" because "this.driver" is null
at pages.ClassPage.homepage(ClassPage.java:98)
at stepDefinition.EditClass_SD.admin_is_in_edit_class_detail_popup_window(EditClass_SD.java:24)
at ?.Admin is in  Edit class detail popup window(file:///C:/Users/amitf/eclipse-workspace/LMSHackathon_Phase2/src/test/resources/Features/EditClass.feature:3)
]]>
    </error>
  </testcase> <!-- runScenario -->
  <system-out/>
  <testcase classname="runner.Runner$AllureReport" name="runScenario" time="0.017">
    <error message="Cannot invoke &quot;org.openqa.selenium.WebDriver.get(String)&quot; because &quot;this.driver&quot; is null" type="java.lang.NullPointerException">
      <![CDATA[java.lang.NullPointerException: Cannot invoke "org.openqa.selenium.WebDriver.get(String)" because "this.driver" is null
at pages.ClassPage.homepage(ClassPage.java:98)
at stepDefinition.EditClass_SD.admin_is_in_edit_class_detail_popup_window(EditClass_SD.java:24)
at ?.Admin is in  Edit class detail popup window(file:///C:/Users/amitf/eclipse-workspace/LMSHackathon_Phase2/src/test/resources/Features/EditClass.feature:3)
]]>
    </error>
  </testcase> <!-- runScenario -->
  <system-out/>
  <testcase classname="runner.Runner$AllureReport" name="runScenario" time="0.021">
    <error message="Cannot invoke &quot;org.openqa.selenium.WebDriver.get(String)&quot; because &quot;this.driver&quot; is null" type="java.lang.NullPointerException">
      <![CDATA[java.lang.NullPointerException: Cannot invoke "org.openqa.selenium.WebDriver.get(String)" because "this.driver" is null
at pages.ClassPage.homepage(ClassPage.java:98)
at stepDefinition.EditClass_SD.admin_is_in_edit_class_detail_popup_window(EditClass_SD.java:24)
at ?.Admin is in  Edit class detail popup window(file:///C:/Users/amitf/eclipse-workspace/LMSHackathon_Phase2/src/test/resources/Features/ManageClass.feature:3)
]]>
    </error>
  </testcase> <!-- runScenario -->
  <system-out/>
  <testcase classname="runner.Runner$AllureReport" name="runScenario" time="0.022">
    <error message="Cannot invoke &quot;org.openqa.selenium.WebDriver.get(String)&quot; because &quot;this.driver&quot; is null" type="java.lang.NullPointerException">
      <![CDATA[java.lang.NullPointerException: Cannot invoke "org.openqa.selenium.WebDriver.get(String)" because "this.driver" is null
at pages.ClassPage.homepage(ClassPage.java:98)
at stepDefinition.EditClass_SD.admin_is_in_edit_class_detail_popup_window(EditClass_SD.java:24)
at ?.Admin is in  Edit class detail popup window(file:///C:/Users/amitf/eclipse-workspace/LMSHackathon_Phase2/src/test/resources/Features/EditClass.feature:3)
]]>
    </error>
  </testcase> <!-- runScenario -->
  <system-out/>
  <testcase classname="runner.Runner$AllureReport" name="runScenario" time="0.071">
    <error message="Cannot invoke &quot;org.openqa.selenium.WebDriver.get(String)&quot; because &quot;this.driver&quot; is null" type="java.lang.NullPointerException">
      <![CDATA[java.lang.NullPointerException: Cannot invoke "org.openqa.selenium.WebDriver.get(String)" because "this.driver" is null
at pages.ClassPage.homepage(ClassPage.java:98)
at stepDefinition.EditClass_SD.admin_is_in_edit_class_detail_popup_window(EditClass_SD.java:24)
at ?.Admin is in  Edit class detail popup window(file:///C:/Users/amitf/eclipse-workspace/LMSHackathon_Phase2/src/test/resources/Features/ManageClass.feature:3)
]]>
    </error>
  </testcase> <!-- runScenario -->
  <system-out/>
  <testcase classname="runner.Runner$AllureReport" name="runScenario" time="0.065">
    <error message="Cannot invoke &quot;org.openqa.selenium.WebDriver.get(String)&quot; because &quot;this.driver&quot; is null" type="java.lang.NullPointerException">
      <![CDATA[java.lang.NullPointerException: Cannot invoke "org.openqa.selenium.WebDriver.get(String)" because "this.driver" is null
at pages.ClassPage.homepage(ClassPage.java:98)
at stepDefinition.EditClass_SD.admin_is_in_edit_class_detail_popup_window(EditClass_SD.java:24)
at ?.Admin is in  Edit class detail popup window(file:///C:/Users/amitf/eclipse-workspace/LMSHackathon_Phase2/src/test/resources/Features/ManageClass.feature:3)
]]>
    </error>
  </testcase> <!-- runScenario -->
  <system-out/>
  <testcase classname="runner.Runner$AllureReport" name="runScenario" time="0.024">
    <error message="Cannot invoke &quot;org.openqa.selenium.WebDriver.get(String)&quot; because &quot;this.driver&quot; is null" type="java.lang.NullPointerException">
      <![CDATA[java.lang.NullPointerException: Cannot invoke "org.openqa.selenium.WebDriver.get(String)" because "this.driver" is null
at pages.ClassPage.homepage(ClassPage.java:98)
at stepDefinition.EditClass_SD.admin_is_in_edit_class_detail_popup_window(EditClass_SD.java:24)
at ?.Admin is in  Edit class detail popup window(file:///C:/Users/amitf/eclipse-workspace/LMSHackathon_Phase2/src/test/resources/Features/ManageClass.feature:3)
]]>
    </error>
  </testcase> <!-- runScenario -->
  <system-out/>
  <testcase classname="runner.Runner$AllureReport" name="runScenario" time="0.042">
    <error message="Cannot invoke &quot;org.openqa.selenium.WebDriver.get(String)&quot; because &quot;this.driver&quot; is null" type="java.lang.NullPointerException">
      <![CDATA[java.lang.NullPointerException: Cannot invoke "org.openqa.selenium.WebDriver.get(String)" because "this.driver" is null
at pages.ClassPage.homepage(ClassPage.java:98)
at stepDefinition.Classdetailspopup_SD.admin_is_on_manage_class_page_after_clicking_class_button(Classdetailspopup_SD.java:24)
at ?.Admin is on ManageClass page after clicking class button(file:///C:/Users/amitf/eclipse-workspace/LMSHackathon_Phase2/src/test/resources/Features/Classdetailpopupwindow.feature:3)
]]>
    </error>
  </testcase> <!-- runScenario -->
  <system-out/>
  <testcase classname="runner.Runner$AllureReport" name="runScenario" time="0.017">
    <error message="Cannot invoke &quot;org.openqa.selenium.WebDriver.get(String)&quot; because &quot;this.driver&quot; is null" type="java.lang.NullPointerException">
      <![CDATA[java.lang.NullPointerException: Cannot invoke "org.openqa.selenium.WebDriver.get(String)" because "this.driver" is null
at pages.ClassPage.homepage(ClassPage.java:98)
at stepDefinition.EditClass_SD.admin_is_in_edit_class_detail_popup_window(EditClass_SD.java:24)
at ?.Admin is in  Edit class detail popup window(file:///C:/Users/amitf/eclipse-workspace/LMSHackathon_Phase2/src/test/resources/Features/ManageClass.feature:3)
]]>
    </error>
  </testcase> <!-- runScenario -->
  <system-out/>
  <testcase classname="runner.Runner$AllureReport" name="runScenario" time="0.038">
    <error message="Cannot invoke &quot;org.openqa.selenium.WebDriver.get(String)&quot; because &quot;this.driver&quot; is null" type="java.lang.NullPointerException">
      <![CDATA[java.lang.NullPointerException: Cannot invoke "org.openqa.selenium.WebDriver.get(String)" because "this.driver" is null
at pages.ClassPage.homepage(ClassPage.java:98)
at stepDefinition.EditClass_SD.admin_is_in_edit_class_detail_popup_window(EditClass_SD.java:24)
at ?.Admin is in  Edit class detail popup window(file:///C:/Users/amitf/eclipse-workspace/LMSHackathon_Phase2/src/test/resources/Features/ManageClass.feature:3)
]]>
    </error>
  </testcase> <!-- runScenario -->
  <system-out/>
  <testcase classname="runner.Runner$AllureReport" name="runScenario" time="0.029">
    <error message="Cannot invoke &quot;org.openqa.selenium.WebDriver.get(String)&quot; because &quot;this.driver&quot; is null" type="java.lang.NullPointerException">
      <![CDATA[java.lang.NullPointerException: Cannot invoke "org.openqa.selenium.WebDriver.get(String)" because "this.driver" is null
at pages.ClassPage.homepage(ClassPage.java:98)
at stepDefinition.Classdetailspopup_SD.admin_is_on_manage_class_page_after_clicking_class_button(Classdetailspopup_SD.java:24)
at ?.Admin is on ManageClass page after clicking class button(file:///C:/Users/amitf/eclipse-workspace/LMSHackathon_Phase2/src/test/resources/Features/Classdetailpopupwindow.feature:3)
]]>
    </error>
  </testcase> <!-- runScenario -->
  <system-out/>
  <testcase classname="runner.Runner$AllureReport" name="runScenario" time="0.020">
    <error message="Cannot invoke &quot;org.openqa.selenium.WebDriver.get(String)&quot; because &quot;this.driver&quot; is null" type="java.lang.NullPointerException">
      <![CDATA[java.lang.NullPointerException: Cannot invoke "org.openqa.selenium.WebDriver.get(String)" because "this.driver" is null
at pages.ClassPage.homepage(ClassPage.java:98)
at stepDefinition.EditClass_SD.admin_is_in_edit_class_detail_popup_window(EditClass_SD.java:24)
at ?.Admin is in  Edit class detail popup window(file:///C:/Users/amitf/eclipse-workspace/LMSHackathon_Phase2/src/test/resources/Features/ManageClass.feature:3)
]]>
    </error>
  </testcase> <!-- runScenario -->
  <system-out/>
  <testcase classname="runner.Runner$AllureReport" name="runScenario" time="0.025">
    <error message="Cannot invoke &quot;org.openqa.selenium.WebDriver.get(String)&quot; because &quot;this.driver&quot; is null" type="java.lang.NullPointerException">
      <![CDATA[java.lang.NullPointerException: Cannot invoke "org.openqa.selenium.WebDriver.get(String)" because "this.driver" is null
at pages.ClassPage.homepage(ClassPage.java:98)
at stepDefinition.EditClass_SD.admin_is_in_edit_class_detail_popup_window(EditClass_SD.java:24)
at ?.Admin is in  Edit class detail popup window(file:///C:/Users/amitf/eclipse-workspace/LMSHackathon_Phase2/src/test/resources/Features/EditClass.feature:3)
]]>
    </error>
  </testcase> <!-- runScenario -->
  <system-out/>
  <testcase classname="runner.Runner$AllureReport" name="runScenario" time="0.044">
    <error message="Cannot invoke &quot;org.openqa.selenium.WebDriver.get(String)&quot; because &quot;this.driver&quot; is null" type="java.lang.NullPointerException">
      <![CDATA[java.lang.NullPointerException: Cannot invoke "org.openqa.selenium.WebDriver.get(String)" because "this.driver" is null
at pages.ClassPage.homepage(ClassPage.java:98)
at stepDefinition.Classdetailspopup_SD.admin_is_on_manage_class_page_after_clicking_class_button(Classdetailspopup_SD.java:24)
at ?.Admin is on ManageClass page after clicking class button(file:///C:/Users/amitf/eclipse-workspace/LMSHackathon_Phase2/src/test/resources/Features/Classdetailpopupwindow.feature:3)
]]>
    </error>
  </testcase> <!-- runScenario -->
  <system-out/>
  <testcase classname="runner.Runner$AllureReport" name="runScenario" time="1.614">
    <error message="Cannot invoke &quot;org.openqa.selenium.WebDriver.get(String)&quot; because &quot;this.driver&quot; is null" type="java.lang.NullPointerException">
      <![CDATA[java.lang.NullPointerException: Cannot invoke "org.openqa.selenium.WebDriver.get(String)" because "this.driver" is null
at pages.ClassPage.homepage(ClassPage.java:98)
at stepDefinition.AddNewClass_SD.admin_is_in_class_detail_popup_window(AddNewClass_SD.java:27)
at ?.Admin is in class detail popup window(file:///C:/Users/amitf/eclipse-workspace/LMSHackathon_Phase2/src/test/resources/Features/AddNewClass.feature:3)
]]>
    </error>
  </testcase> <!-- runScenario -->
  <system-out/>
  <testcase classname="runner.Runner$AllureReport" name="runScenario" time="0.024">
    <error message="Cannot invoke &quot;org.openqa.selenium.WebDriver.get(String)&quot; because &quot;this.driver&quot; is null" type="java.lang.NullPointerException">
      <![CDATA[java.lang.NullPointerException: Cannot invoke "org.openqa.selenium.WebDriver.get(String)" because "this.driver" is null
at pages.ClassPage.homepage(ClassPage.java:98)
at stepDefinition.EditClass_SD.admin_is_in_edit_class_detail_popup_window(EditClass_SD.java:24)
at ?.Admin is in  Edit class detail popup window(file:///C:/Users/amitf/eclipse-workspace/LMSHackathon_Phase2/src/test/resources/Features/EditClass.feature:3)
]]>
    </error>
  </testcase> <!-- runScenario -->
  <system-out/>
  <testcase classname="runner.Runner$AllureReport" name="runScenario" time="0.029">
    <error message="Cannot invoke &quot;org.openqa.selenium.WebDriver.get(String)&quot; because &quot;this.driver&quot; is null" type="java.lang.NullPointerException">
      <![CDATA[java.lang.NullPointerException: Cannot invoke "org.openqa.selenium.WebDriver.get(String)" because "this.driver" is null
at pages.ClassPage.homepage(ClassPage.java:98)
at stepDefinition.EditClass_SD.admin_is_in_edit_class_detail_popup_window(EditClass_SD.java:24)
at ?.Admin is in  Edit class detail popup window(file:///C:/Users/amitf/eclipse-workspace/LMSHackathon_Phase2/src/test/resources/Features/ManageClass.feature:3)
]]>
    </error>
  </testcase> <!-- runScenario -->
  <system-out/>
  <testcase classname="runner.Runner$AllureReport" name="runScenario" time="0.062">
    <error message="Cannot invoke &quot;org.openqa.selenium.WebDriver.get(String)&quot; because &quot;this.driver&quot; is null" type="java.lang.NullPointerException">
      <![CDATA[java.lang.NullPointerException: Cannot invoke "org.openqa.selenium.WebDriver.get(String)" because "this.driver" is null
at pages.ClassPage.homepage(ClassPage.java:98)
at stepDefinition.Classdetailspopup_SD.admin_is_on_manage_class_page_after_clicking_class_button(Classdetailspopup_SD.java:24)
at ?.Admin is on ManageClass page after clicking class button(file:///C:/Users/amitf/eclipse-workspace/LMSHackathon_Phase2/src/test/resources/Features/Classdetailpopupwindow.feature:3)
]]>
    </error>
  </testcase> <!-- runScenario -->
  <system-out/>
  <testcase classname="runner.Runner$AllureReport" name="runScenario" time="0.029">
    <error message="Cannot invoke &quot;org.openqa.selenium.WebDriver.get(String)&quot; because &quot;this.driver&quot; is null" type="java.lang.NullPointerException">
      <![CDATA[java.lang.NullPointerException: Cannot invoke "org.openqa.selenium.WebDriver.get(String)" because "this.driver" is null
at pages.ClassPage.homepage(ClassPage.java:98)
at stepDefinition.DeleteClass_SD.admin_is_in_manage_class_page(DeleteClass_SD.java:26)
at ?.Admin is in Manage class page(file:///C:/Users/amitf/eclipse-workspace/LMSHackathon_Phase2/src/test/resources/Features/DeleteClass.feature:15)
]]>
    </error>
  </testcase> <!-- runScenario -->
  <system-out/>
  <testcase classname="runner.Runner$AllureReport" name="runScenario" time="0.147">
    <error message="Cannot invoke &quot;org.openqa.selenium.WebDriver.get(String)&quot; because &quot;this.driver&quot; is null" type="java.lang.NullPointerException">
      <![CDATA[java.lang.NullPointerException: Cannot invoke "org.openqa.selenium.WebDriver.get(String)" because "this.driver" is null
at pages.ClassPage.homepage(ClassPage.java:98)
at stepDefinition.AddNewClass_SD.admin_is_in_class_detail_popup_window(AddNewClass_SD.java:27)
at ?.Admin is in class detail popup window(file:///C:/Users/amitf/eclipse-workspace/LMSHackathon_Phase2/src/test/resources/Features/AddNewClass.feature:3)
]]>
    </error>
  </testcase> <!-- runScenario -->
  <system-out/>
  <testcase classname="runner.Runner$AllureReport" name="runScenario" time="0.020">
    <error message="Cannot invoke &quot;org.openqa.selenium.WebDriver.get(String)&quot; because &quot;this.driver&quot; is null" type="java.lang.NullPointerException">
      <![CDATA[java.lang.NullPointerException: Cannot invoke "org.openqa.selenium.WebDriver.get(String)" because "this.driver" is null
at pages.ClassPage.homepage(ClassPage.java:98)
at stepDefinition.EditClass_SD.admin_is_in_edit_class_detail_popup_window(EditClass_SD.java:24)
at ?.Admin is in  Edit class detail popup window(file:///C:/Users/amitf/eclipse-workspace/LMSHackathon_Phase2/src/test/resources/Features/ManageClass.feature:3)
]]>
    </error>
  </testcase> <!-- runScenario -->
  <system-out/>
  <testcase classname="runner.Runner$AllureReport" name="runScenario" time="0.029">
    <error message="Cannot invoke &quot;org.openqa.selenium.WebDriver.get(String)&quot; because &quot;this.driver&quot; is null" type="java.lang.NullPointerException">
      <![CDATA[java.lang.NullPointerException: Cannot invoke "org.openqa.selenium.WebDriver.get(String)" because "this.driver" is null
at pages.ClassPage.homepage(ClassPage.java:98)
at stepDefinition.Classdetailspopup_SD.admin_is_on_manage_class_page_after_clicking_class_button(Classdetailspopup_SD.java:24)
at ?.Admin is on ManageClass page after clicking class button(file:///C:/Users/amitf/eclipse-workspace/LMSHackathon_Phase2/src/test/resources/Features/Classdetailpopupwindow.feature:3)
]]>
    </error>
  </testcase> <!-- runScenario -->
  <system-out/>
  <testcase classname="runner.Runner$AllureReport" name="runScenario" time="0.016">
    <error message="Cannot invoke &quot;org.openqa.selenium.WebDriver.get(String)&quot; because &quot;this.driver&quot; is null" type="java.lang.NullPointerException">
      <![CDATA[java.lang.NullPointerException: Cannot invoke "org.openqa.selenium.WebDriver.get(String)" because "this.driver" is null
at pages.ClassPage.homepage(ClassPage.java:98)
at stepDefinition.EditClass_SD.admin_is_in_edit_class_detail_popup_window(EditClass_SD.java:24)
at ?.Admin is in  Edit class detail popup window(file:///C:/Users/amitf/eclipse-workspace/LMSHackathon_Phase2/src/test/resources/Features/EditClass.feature:3)
]]>
    </error>
  </testcase> <!-- runScenario -->
  <system-out/>
  <testcase classname="runner.Runner$AllureReport" name="runScenario" time="0.046">
    <error message="Cannot invoke &quot;org.openqa.selenium.WebDriver.get(String)&quot; because &quot;this.driver&quot; is null" type="java.lang.NullPointerException">
      <![CDATA[java.lang.NullPointerException: Cannot invoke "org.openqa.selenium.WebDriver.get(String)" because "this.driver" is null
at pages.ClassPage.homepage(ClassPage.java:98)
at stepDefinition.EditClass_SD.admin_is_in_edit_class_detail_popup_window(EditClass_SD.java:24)
at ?.Admin is in  Edit class detail popup window(file:///C:/Users/amitf/eclipse-workspace/LMSHackathon_Phase2/src/test/resources/Features/ManageClass.feature:3)
]]>
    </error>
  </testcase> <!-- runScenario -->
  <system-out/>
  <testcase classname="runner.Runner$AllureReport" name="runScenario" time="0.015">
    <error message="Cannot invoke &quot;org.openqa.selenium.WebDriver.get(String)&quot; because &quot;this.driver&quot; is null" type="java.lang.NullPointerException">
      <![CDATA[java.lang.NullPointerException: Cannot invoke "org.openqa.selenium.WebDriver.get(String)" because "this.driver" is null
at pages.ClassPage.homepage(ClassPage.java:98)
at stepDefinition.EditClass_SD.admin_is_in_edit_class_detail_popup_window(EditClass_SD.java:24)
at ?.Admin is in  Edit class detail popup window(file:///C:/Users/amitf/eclipse-workspace/LMSHackathon_Phase2/src/test/resources/Features/ManageClass.feature:3)
]]>
    </error>
  </testcase> <!-- runScenario -->
  <system-out/>
  <testcase classname="runner.Runner$AllureReport" name="runScenario" time="0.068">
    <error message="Cannot invoke &quot;org.openqa.selenium.WebDriver.get(String)&quot; because &quot;this.driver&quot; is null" type="java.lang.NullPointerException">
      <![CDATA[java.lang.NullPointerException: Cannot invoke "org.openqa.selenium.WebDriver.get(String)" because "this.driver" is null
at pages.ClassPage.homepage(ClassPage.java:98)
at stepDefinition.EditClass_SD.admin_is_in_edit_class_detail_popup_window(EditClass_SD.java:24)
at ?.Admin is in  Edit class detail popup window(file:///C:/Users/amitf/eclipse-workspace/LMSHackathon_Phase2/src/test/resources/Features/EditClass.feature:3)
]]>
    </error>
  </testcase> <!-- runScenario -->
  <system-out/>
  <testcase classname="runner.Runner$AllureReport" name="runScenario" time="0.054">
    <error message="Cannot invoke &quot;org.openqa.selenium.WebDriver.get(String)&quot; because &quot;this.driver&quot; is null" type="java.lang.NullPointerException">
      <![CDATA[java.lang.NullPointerException: Cannot invoke "org.openqa.selenium.WebDriver.get(String)" because "this.driver" is null
at pages.ClassPage.homepage(ClassPage.java:98)
at stepDefinition.AddNewClass_SD.admin_is_in_class_detail_popup_window(AddNewClass_SD.java:27)
at ?.Admin is in class detail popup window(file:///C:/Users/amitf/eclipse-workspace/LMSHackathon_Phase2/src/test/resources/Features/AddNewClass.feature:3)
]]>
    </error>
  </testcase> <!-- runScenario -->
  <system-out/>
  <testcase classname="runner.Runner$AllureReport" name="runScenario" time="0.042">
    <error message="Cannot invoke &quot;org.openqa.selenium.WebDriver.get(String)&quot; because &quot;this.driver&quot; is null" type="java.lang.NullPointerException">
      <![CDATA[java.lang.NullPointerException: Cannot invoke "org.openqa.selenium.WebDriver.get(String)" because "this.driver" is null
at pages.ClassPage.homepage(ClassPage.java:98)
at stepDefinition.AddNewClass_SD.admin_is_in_class_detail_popup_window(AddNewClass_SD.java:27)
at ?.Admin is in class detail popup window(file:///C:/Users/amitf/eclipse-workspace/LMSHackathon_Phase2/src/test/resources/Features/AddNewClass.feature:3)
]]>
    </error>
  </testcase> <!-- runScenario -->
  <system-out/>
  <testcase classname="runner.Runner$AllureReport" name="runScenario" time="0.018">
    <error message="Cannot invoke &quot;org.openqa.selenium.WebDriver.get(String)&quot; because &quot;this.driver&quot; is null" type="java.lang.NullPointerException">
      <![CDATA[java.lang.NullPointerException: Cannot invoke "org.openqa.selenium.WebDriver.get(String)" because "this.driver" is null
at pages.ClassPage.homepage(ClassPage.java:98)
at stepDefinition.EditClass_SD.admin_is_in_edit_class_detail_popup_window(EditClass_SD.java:24)
at ?.Admin is in  Edit class detail popup window(file:///C:/Users/amitf/eclipse-workspace/LMSHackathon_Phase2/src/test/resources/Features/ManageClass.feature:3)
]]>
    </error>
  </testcase> <!-- runScenario -->
  <system-out/>
  <testcase classname="runner.Runner$AllureReport" name="runScenario" time="0.019">
    <error message="Cannot invoke &quot;org.openqa.selenium.WebDriver.get(String)&quot; because &quot;this.driver&quot; is null" type="java.lang.NullPointerException">
      <![CDATA[java.lang.NullPointerException: Cannot invoke "org.openqa.selenium.WebDriver.get(String)" because "this.driver" is null
at pages.ClassPage.homepage(ClassPage.java:98)
at stepDefinition.EditClass_SD.admin_is_in_edit_class_detail_popup_window(EditClass_SD.java:24)
at ?.Admin is in  Edit class detail popup window(file:///C:/Users/amitf/eclipse-workspace/LMSHackathon_Phase2/src/test/resources/Features/EditClass.feature:3)
]]>
    </error>
  </testcase> <!-- runScenario -->
  <system-out/>
  <testcase classname="runner.Runner$AllureReport" name="runScenario" time="0.038">
    <error message="Cannot invoke &quot;org.openqa.selenium.WebDriver.get(String)&quot; because &quot;this.driver&quot; is null" type="java.lang.NullPointerException">
      <![CDATA[java.lang.NullPointerException: Cannot invoke "org.openqa.selenium.WebDriver.get(String)" because "this.driver" is null
at pages.ClassPage.homepage(ClassPage.java:98)
at stepDefinition.AddNewClass_SD.admin_is_in_class_detail_popup_window(AddNewClass_SD.java:27)
at ?.Admin is in class detail popup window(file:///C:/Users/amitf/eclipse-workspace/LMSHackathon_Phase2/src/test/resources/Features/AddNewClass.feature:3)
]]>
    </error>
  </testcase> <!-- runScenario -->
  <system-out/>
  <testcase classname="runner.Runner$AllureReport" name="runScenario" time="0.024">
    <error message="Cannot invoke &quot;org.openqa.selenium.WebDriver.get(String)&quot; because &quot;this.driver&quot; is null" type="java.lang.NullPointerException">
      <![CDATA[java.lang.NullPointerException: Cannot invoke "org.openqa.selenium.WebDriver.get(String)" because "this.driver" is null
at pages.ClassPage.homepage(ClassPage.java:98)
at stepDefinition.EditClass_SD.admin_is_in_edit_class_detail_popup_window(EditClass_SD.java:24)
at ?.Admin is in  Edit class detail popup window(file:///C:/Users/amitf/eclipse-workspace/LMSHackathon_Phase2/src/test/resources/Features/ManageClass.feature:3)
]]>
    </error>
  </testcase> <!-- runScenario -->
  <system-out/>
  <testcase classname="runner.Runner$AllureReport" name="runScenario" time="0.018">
    <error message="Cannot invoke &quot;org.openqa.selenium.WebDriver.get(String)&quot; because &quot;this.driver&quot; is null" type="java.lang.NullPointerException">
      <![CDATA[java.lang.NullPointerException: Cannot invoke "org.openqa.selenium.WebDriver.get(String)" because "this.driver" is null
at pages.ClassPage.homepage(ClassPage.java:98)
at stepDefinition.EditClass_SD.admin_is_in_edit_class_detail_popup_window(EditClass_SD.java:24)
at ?.Admin is in  Edit class detail popup window(file:///C:/Users/amitf/eclipse-workspace/LMSHackathon_Phase2/src/test/resources/Features/ManageClass.feature:3)
]]>
    </error>
  </testcase> <!-- runScenario -->
  <system-out/>
  <testcase classname="runner.Runner$AllureReport" name="runScenario" time="0.072">
    <error message="Cannot invoke &quot;org.openqa.selenium.WebDriver.get(String)&quot; because &quot;this.driver&quot; is null" type="java.lang.NullPointerException">
      <![CDATA[java.lang.NullPointerException: Cannot invoke "org.openqa.selenium.WebDriver.get(String)" because "this.driver" is null
at pages.ClassPage.homepage(ClassPage.java:98)
at stepDefinition.EditClass_SD.admin_is_in_edit_class_detail_popup_window(EditClass_SD.java:24)
at ?.Admin is in  Edit class detail popup window(file:///C:/Users/amitf/eclipse-workspace/LMSHackathon_Phase2/src/test/resources/Features/EditClass.feature:3)
]]>
    </error>
  </testcase> <!-- runScenario -->
  <system-out/>
  <testcase classname="runner.Runner$AllureReport" name="runScenario" time="0.022">
    <error message="Cannot invoke &quot;org.openqa.selenium.WebDriver.get(String)&quot; because &quot;this.driver&quot; is null" type="java.lang.NullPointerException">
      <![CDATA[java.lang.NullPointerException: Cannot invoke "org.openqa.selenium.WebDriver.get(String)" because "this.driver" is null
at pages.ClassPage.homepage(ClassPage.java:98)
at stepDefinition.EditClass_SD.admin_is_in_edit_class_detail_popup_window(EditClass_SD.java:24)
at ?.Admin is in  Edit class detail popup window(file:///C:/Users/amitf/eclipse-workspace/LMSHackathon_Phase2/src/test/resources/Features/EditClass.feature:3)
]]>
    </error>
  </testcase> <!-- runScenario -->
  <system-out/>
  <testcase classname="runner.Runner$AllureReport" name="runScenario" time="0.034">
    <error message="Cannot invoke &quot;org.openqa.selenium.WebDriver.get(String)&quot; because &quot;this.driver&quot; is null" type="java.lang.NullPointerException">
      <![CDATA[java.lang.NullPointerException: Cannot invoke "org.openqa.selenium.WebDriver.get(String)" because "this.driver" is null
at pages.ClassPage.homepage(ClassPage.java:98)
at stepDefinition.EditClass_SD.admin_is_in_edit_class_detail_popup_window(EditClass_SD.java:24)
at ?.Admin is in  Edit class detail popup window(file:///C:/Users/amitf/eclipse-workspace/LMSHackathon_Phase2/src/test/resources/Features/ManageClass.feature:3)
]]>
    </error>
  </testcase> <!-- runScenario -->
  <system-out/>
  <testcase classname="runner.Runner$AllureReport" name="runScenario" time="0.043">
    <error message="Cannot invoke &quot;org.openqa.selenium.WebDriver.get(String)&quot; because &quot;this.driver&quot; is null" type="java.lang.NullPointerException">
      <![CDATA[java.lang.NullPointerException: Cannot invoke "org.openqa.selenium.WebDriver.get(String)" because "this.driver" is null
at pages.ClassPage.homepage(ClassPage.java:98)
at stepDefinition.EditClass_SD.admin_is_in_edit_class_detail_popup_window(EditClass_SD.java:24)
at ?.Admin is in  Edit class detail popup window(file:///C:/Users/amitf/eclipse-workspace/LMSHackathon_Phase2/src/test/resources/Features/ManageClass.feature:3)
]]>
    </error>
  </testcase> <!-- runScenario -->
  <system-out/>
  <testcase classname="runner.Runner$AllureReport" name="runScenario" time="0.096">
    <error message="Cannot invoke &quot;org.openqa.selenium.WebDriver.get(String)&quot; because &quot;this.driver&quot; is null" type="java.lang.NullPointerException">
      <![CDATA[java.lang.NullPointerException: Cannot invoke "org.openqa.selenium.WebDriver.get(String)" because "this.driver" is null
at pages.ClassPage.homepage(ClassPage.java:98)
at stepDefinition.AddNewClass_SD.admin_is_in_class_detail_popup_window(AddNewClass_SD.java:27)
at ?.Admin is in class detail popup window(file:///C:/Users/amitf/eclipse-workspace/LMSHackathon_Phase2/src/test/resources/Features/AddNewClass.feature:3)
]]>
    </error>
  </testcase> <!-- runScenario -->
  <system-out/>
  <testcase classname="runner.Runner$AllureReport" name="runScenario" time="0.026">
    <error message="Cannot invoke &quot;org.openqa.selenium.WebDriver.get(String)&quot; because &quot;this.driver&quot; is null" type="java.lang.NullPointerException">
      <![CDATA[java.lang.NullPointerException: Cannot invoke "org.openqa.selenium.WebDriver.get(String)" because "this.driver" is null
at pages.ClassPage.homepage(ClassPage.java:98)
at stepDefinition.EditClass_SD.admin_is_in_edit_class_detail_popup_window(EditClass_SD.java:24)
at ?.Admin is in  Edit class detail popup window(file:///C:/Users/amitf/eclipse-workspace/LMSHackathon_Phase2/src/test/resources/Features/EditClass.feature:3)
]]>
    </error>
  </testcase> <!-- runScenario -->
  <system-out/>
  <testcase classname="runner.Runner$AllureReport" name="runScenario" time="0.016">
    <error message="Cannot invoke &quot;org.openqa.selenium.WebDriver.get(String)&quot; because &quot;this.driver&quot; is null" type="java.lang.NullPointerException">
      <![CDATA[java.lang.NullPointerException: Cannot invoke "org.openqa.selenium.WebDriver.get(String)" because "this.driver" is null
at pages.ClassPage.homepage(ClassPage.java:98)
at stepDefinition.EditClass_SD.admin_is_in_edit_class_detail_popup_window(EditClass_SD.java:24)
at ?.Admin is in  Edit class detail popup window(file:///C:/Users/amitf/eclipse-workspace/LMSHackathon_Phase2/src/test/resources/Features/EditClass.feature:3)
]]>
    </error>
  </testcase> <!-- runScenario -->
  <system-out/>
  <testcase classname="runner.Runner$AllureReport" name="runScenario" time="0.028">
    <error message="Cannot invoke &quot;org.openqa.selenium.WebDriver.get(String)&quot; because &quot;this.driver&quot; is null" type="java.lang.NullPointerException">
      <![CDATA[java.lang.NullPointerException: Cannot invoke "org.openqa.selenium.WebDriver.get(String)" because "this.driver" is null
at pages.ClassPage.homepage(ClassPage.java:98)
at stepDefinition.EditClass_SD.admin_is_in_edit_class_detail_popup_window(EditClass_SD.java:24)
at ?.Admin is in  Edit class detail popup window(file:///C:/Users/amitf/eclipse-workspace/LMSHackathon_Phase2/src/test/resources/Features/EditClass.feature:3)
]]>
    </error>
  </testcase> <!-- runScenario -->
  <system-out/>
  <testcase classname="runner.Runner$AllureReport" name="runScenario" time="0.018">
    <error message="Cannot invoke &quot;org.openqa.selenium.WebDriver.get(String)&quot; because &quot;this.driver&quot; is null" type="java.lang.NullPointerException">
      <![CDATA[java.lang.NullPointerException: Cannot invoke "org.openqa.selenium.WebDriver.get(String)" because "this.driver" is null
at pages.ClassPage.homepage(ClassPage.java:98)
at stepDefinition.EditClass_SD.admin_is_in_edit_class_detail_popup_window(EditClass_SD.java:24)
at ?.Admin is in  Edit class detail popup window(file:///C:/Users/amitf/eclipse-workspace/LMSHackathon_Phase2/src/test/resources/Features/EditClass.feature:3)
]]>
    </error>
  </testcase> <!-- runScenario -->
  <system-out/>
  <testcase classname="runner.Runner$AllureReport" name="runScenario" time="0.057">
    <error message="Cannot invoke &quot;org.openqa.selenium.WebDriver.get(String)&quot; because &quot;this.driver&quot; is null" type="java.lang.NullPointerException">
      <![CDATA[java.lang.NullPointerException: Cannot invoke "org.openqa.selenium.WebDriver.get(String)" because "this.driver" is null
at pages.ClassPage.homepage(ClassPage.java:98)
at stepDefinition.AddNewClass_SD.admin_is_in_class_detail_popup_window(AddNewClass_SD.java:27)
at ?.Admin is in class detail popup window(file:///C:/Users/amitf/eclipse-workspace/LMSHackathon_Phase2/src/test/resources/Features/AddNewClass.feature:3)
]]>
    </error>
  </testcase> <!-- runScenario -->
  <system-out/>
  <testcase classname="runner.Runner$AllureReport" name="runScenario" time="0.069">
    <error message="Cannot invoke &quot;org.openqa.selenium.WebDriver.get(String)&quot; because &quot;this.driver&quot; is null" type="java.lang.NullPointerException">
      <![CDATA[java.lang.NullPointerException: Cannot invoke "org.openqa.selenium.WebDriver.get(String)" because "this.driver" is null
at pages.ClassPage.homepage(ClassPage.java:98)
at stepDefinition.Classdetailspopup_SD.admin_is_on_manage_class_page_after_clicking_class_button(Classdetailspopup_SD.java:24)
at ?.Admin is on ManageClass page after clicking class button(file:///C:/Users/amitf/eclipse-workspace/LMSHackathon_Phase2/src/test/resources/Features/Classdetailpopupwindow.feature:3)
]]>
    </error>
  </testcase> <!-- runScenario -->
  <system-out/>
  <testcase classname="runner.Runner$AllureReport" name="runScenario" time="0.083">
    <error message="Cannot invoke &quot;org.openqa.selenium.WebDriver.get(String)&quot; because &quot;this.driver&quot; is null" type="java.lang.NullPointerException">
      <![CDATA[java.lang.NullPointerException: Cannot invoke "org.openqa.selenium.WebDriver.get(String)" because "this.driver" is null
at pages.ClassPage.homepage(ClassPage.java:98)
at stepDefinition.Classdetailspopup_SD.admin_is_on_manage_class_page_after_clicking_class_button(Classdetailspopup_SD.java:24)
at ?.Admin is on ManageClass page after clicking class button(file:///C:/Users/amitf/eclipse-workspace/LMSHackathon_Phase2/src/test/resources/Features/Classdetailpopupwindow.feature:3)
]]>
    </error>
  </testcase> <!-- runScenario -->
  <system-out/>
  <testcase classname="runner.Runner$AllureReport" name="runScenario" time="0.068">
    <error message="Cannot invoke &quot;org.openqa.selenium.WebDriver.get(String)&quot; because &quot;this.driver&quot; is null" type="java.lang.NullPointerException">
      <![CDATA[java.lang.NullPointerException: Cannot invoke "org.openqa.selenium.WebDriver.get(String)" because "this.driver" is null
at pages.ClassPage.homepage(ClassPage.java:98)
at stepDefinition.AddNewClass_SD.admin_is_in_class_detail_popup_window(AddNewClass_SD.java:27)
at ?.Admin is in class detail popup window(file:///C:/Users/amitf/eclipse-workspace/LMSHackathon_Phase2/src/test/resources/Features/AddNewClass.feature:3)
]]>
    </error>
  </testcase> <!-- runScenario -->
  <system-out/>
  <testcase classname="runner.Runner$AllureReport" name="runScenario" time="0.021">
    <error message="Cannot invoke &quot;org.openqa.selenium.WebDriver.get(String)&quot; because &quot;this.driver&quot; is null" type="java.lang.NullPointerException">
      <![CDATA[java.lang.NullPointerException: Cannot invoke "org.openqa.selenium.WebDriver.get(String)" because "this.driver" is null
at pages.ClassPage.homepage(ClassPage.java:98)
at stepDefinition.EditClass_SD.admin_is_in_edit_class_detail_popup_window(EditClass_SD.java:24)
at ?.Admin is in  Edit class detail popup window(file:///C:/Users/amitf/eclipse-workspace/LMSHackathon_Phase2/src/test/resources/Features/EditClass.feature:3)
]]>
    </error>
  </testcase> <!-- runScenario -->
  <system-out/>
  <testcase classname="runner.Runner$AllureReport" name="runScenario" time="0.022">
    <error message="Cannot invoke &quot;org.openqa.selenium.WebDriver.get(String)&quot; because &quot;this.driver&quot; is null" type="java.lang.NullPointerException">
      <![CDATA[java.lang.NullPointerException: Cannot invoke "org.openqa.selenium.WebDriver.get(String)" because "this.driver" is null
at pages.ClassPage.homepage(ClassPage.java:98)
at stepDefinition.EditClass_SD.admin_is_in_edit_class_detail_popup_window(EditClass_SD.java:24)
at ?.Admin is in  Edit class detail popup window(file:///C:/Users/amitf/eclipse-workspace/LMSHackathon_Phase2/src/test/resources/Features/ManageClass.feature:3)
]]>
    </error>
  </testcase> <!-- runScenario -->
  <system-out/>
  <testcase classname="runner.Runner$AllureReport" name="runScenario" time="0.024">
    <error message="Cannot invoke &quot;org.openqa.selenium.WebDriver.get(String)&quot; because &quot;this.driver&quot; is null" type="java.lang.NullPointerException">
      <![CDATA[java.lang.NullPointerException: Cannot invoke "org.openqa.selenium.WebDriver.get(String)" because "this.driver" is null
at pages.ClassPage.homepage(ClassPage.java:98)
at stepDefinition.EditClass_SD.admin_is_in_edit_class_detail_popup_window(EditClass_SD.java:24)
at ?.Admin is in  Edit class detail popup window(file:///C:/Users/amitf/eclipse-workspace/LMSHackathon_Phase2/src/test/resources/Features/ManageClass.feature:3)
]]>
    </error>
  </testcase> <!-- runScenario -->
  <system-out/>
  <testcase classname="runner.Runner$AllureReport" name="runScenario" time="0.023">
    <error message="Cannot invoke &quot;org.openqa.selenium.WebDriver.get(String)&quot; because &quot;this.driver&quot; is null" type="java.lang.NullPointerException">
      <![CDATA[java.lang.NullPointerException: Cannot invoke "org.openqa.selenium.WebDriver.get(String)" because "this.driver" is null
at pages.ClassPage.homepage(ClassPage.java:98)
at stepDefinition.EditClass_SD.admin_is_in_edit_class_detail_popup_window(EditClass_SD.java:24)
at ?.Admin is in  Edit class detail popup window(file:///C:/Users/amitf/eclipse-workspace/LMSHackathon_Phase2/src/test/resources/Features/EditClass.feature:3)
]]>
    </error>
  </testcase> <!-- runScenario -->
  <system-out/>
  <testcase classname="runner.Runner$AllureReport" name="runScenario" time="0.028">
    <error message="Cannot invoke &quot;org.openqa.selenium.WebDriver.get(String)&quot; because &quot;this.driver&quot; is null" type="java.lang.NullPointerException">
      <![CDATA[java.lang.NullPointerException: Cannot invoke "org.openqa.selenium.WebDriver.get(String)" because "this.driver" is null
at pages.ClassPage.homepage(ClassPage.java:98)
at stepDefinition.EditClass_SD.admin_is_in_edit_class_detail_popup_window(EditClass_SD.java:24)
at ?.Admin is in  Edit class detail popup window(file:///C:/Users/amitf/eclipse-workspace/LMSHackathon_Phase2/src/test/resources/Features/EditClass.feature:3)
]]>
    </error>
  </testcase> <!-- runScenario -->
  <system-out/>
  <testcase classname="runner.Runner$AllureReport" name="runScenario" time="0.028">
    <error message="Cannot invoke &quot;org.openqa.selenium.WebDriver.get(String)&quot; because &quot;this.driver&quot; is null" type="java.lang.NullPointerException">
      <![CDATA[java.lang.NullPointerException: Cannot invoke "org.openqa.selenium.WebDriver.get(String)" because "this.driver" is null
at pages.ClassPage.homepage(ClassPage.java:98)
at stepDefinition.EditClass_SD.admin_is_in_edit_class_detail_popup_window(EditClass_SD.java:24)
at ?.Admin is in  Edit class detail popup window(file:///C:/Users/amitf/eclipse-workspace/LMSHackathon_Phase2/src/test/resources/Features/ManageClass.feature:3)
]]>
    </error>
  </testcase> <!-- runScenario -->
  <system-out/>
  <testcase classname="runner.Runner$AllureReport" name="runScenario" time="0.018">
    <error message="Cannot invoke &quot;org.openqa.selenium.WebDriver.get(String)&quot; because &quot;this.driver&quot; is null" type="java.lang.NullPointerException">
      <![CDATA[java.lang.NullPointerException: Cannot invoke "org.openqa.selenium.WebDriver.get(String)" because "this.driver" is null
at pages.ClassPage.homepage(ClassPage.java:98)
at stepDefinition.EditClass_SD.admin_is_in_edit_class_detail_popup_window(EditClass_SD.java:24)
at ?.Admin is in  Edit class detail popup window(file:///C:/Users/amitf/eclipse-workspace/LMSHackathon_Phase2/src/test/resources/Features/ManageClass.feature:3)
]]>
    </error>
  </testcase> <!-- runScenario -->
  <system-out/>
  <testcase classname="runner.Runner$AllureReport" name="runScenario" time="0.022">
    <error message="Cannot invoke &quot;org.openqa.selenium.WebDriver.get(String)&quot; because &quot;this.driver&quot; is null" type="java.lang.NullPointerException">
      <![CDATA[java.lang.NullPointerException: Cannot invoke "org.openqa.selenium.WebDriver.get(String)" because "this.driver" is null
at pages.ClassPage.homepage(ClassPage.java:98)
at stepDefinition.EditClass_SD.admin_is_in_edit_class_detail_popup_window(EditClass_SD.java:24)
at ?.Admin is in  Edit class detail popup window(file:///C:/Users/amitf/eclipse-workspace/LMSHackathon_Phase2/src/test/resources/Features/EditClass.feature:3)
]]>
    </error>
  </testcase> <!-- runScenario -->
  <system-out/>
  <testcase classname="runner.Runner$AllureReport" name="runScenario" time="0.024">
    <error message="Cannot invoke &quot;org.openqa.selenium.WebDriver.get(String)&quot; because &quot;this.driver&quot; is null" type="java.lang.NullPointerException">
      <![CDATA[java.lang.NullPointerException: Cannot invoke "org.openqa.selenium.WebDriver.get(String)" because "this.driver" is null
at pages.ClassPage.homepage(ClassPage.java:98)
at stepDefinition.EditClass_SD.admin_is_in_edit_class_detail_popup_window(EditClass_SD.java:24)
at ?.Admin is in  Edit class detail popup window(file:///C:/Users/amitf/eclipse-workspace/LMSHackathon_Phase2/src/test/resources/Features/EditClass.feature:3)
]]>
    </error>
  </testcase> <!-- runScenario -->
  <system-out/>
  <testcase classname="runner.Runner$AllureReport" name="runScenario" time="0.027">
    <error message="Cannot invoke &quot;org.openqa.selenium.WebDriver.get(String)&quot; because &quot;this.driver&quot; is null" type="java.lang.NullPointerException">
      <![CDATA[java.lang.NullPointerException: Cannot invoke "org.openqa.selenium.WebDriver.get(String)" because "this.driver" is null
at pages.ClassPage.homepage(ClassPage.java:98)
at stepDefinition.Classdetailspopup_SD.admin_is_on_manage_class_page_after_clicking_class_button(Classdetailspopup_SD.java:24)
at ?.Admin is on ManageClass page after clicking class button(file:///C:/Users/amitf/eclipse-workspace/LMSHackathon_Phase2/src/test/resources/Features/Classdetailpopupwindow.feature:3)
]]>
    </error>
  </testcase> <!-- runScenario -->
  <system-out/>
  <testcase classname="runner.Runner$AllureReport" name="runScenario" time="0.025">
    <error message="Cannot invoke &quot;org.openqa.selenium.WebDriver.get(String)&quot; because &quot;this.driver&quot; is null" type="java.lang.NullPointerException">
      <![CDATA[java.lang.NullPointerException: Cannot invoke "org.openqa.selenium.WebDriver.get(String)" because "this.driver" is null
at pages.ClassPage.homepage(ClassPage.java:98)
at stepDefinition.EditClass_SD.admin_is_in_edit_class_detail_popup_window(EditClass_SD.java:24)
at ?.Admin is in  Edit class detail popup window(file:///C:/Users/amitf/eclipse-workspace/LMSHackathon_Phase2/src/test/resources/Features/ManageClass.feature:3)
]]>
    </error>
  </testcase> <!-- runScenario -->
  <system-out/>
  <testcase classname="runner.Runner$AllureReport" name="runScenario" time="0.027">
    <error message="Cannot invoke &quot;org.openqa.selenium.WebDriver.get(String)&quot; because &quot;this.driver&quot; is null" type="java.lang.NullPointerException">
      <![CDATA[java.lang.NullPointerException: Cannot invoke "org.openqa.selenium.WebDriver.get(String)" because "this.driver" is null
at pages.ClassPage.homepage(ClassPage.java:98)
at stepDefinition.EditClass_SD.admin_is_in_edit_class_detail_popup_window(EditClass_SD.java:24)
at ?.Admin is in  Edit class detail popup window(file:///C:/Users/amitf/eclipse-workspace/LMSHackathon_Phase2/src/test/resources/Features/EditClass.feature:3)
]]>
    </error>
  </testcase> <!-- runScenario -->
  <system-out/>
  <testcase classname="runner.Runner$AllureReport" name="runScenario" time="0.040">
    <error message="Cannot invoke &quot;org.openqa.selenium.WebDriver.get(String)&quot; because &quot;this.driver&quot; is null" type="java.lang.NullPointerException">
      <![CDATA[java.lang.NullPointerException: Cannot invoke "org.openqa.selenium.WebDriver.get(String)" because "this.driver" is null
at pages.ClassPage.homepage(ClassPage.java:98)
at stepDefinition.Classdetailspopup_SD.admin_is_on_manage_class_page_after_clicking_class_button(Classdetailspopup_SD.java:24)
at ?.Admin is on ManageClass page after clicking class button(file:///C:/Users/amitf/eclipse-workspace/LMSHackathon_Phase2/src/test/resources/Features/Classdetailpopupwindow.feature:3)
]]>
    </error>
  </testcase> <!-- runScenario -->
  <system-out/>
  <testcase classname="runner.Runner$AllureReport" name="runScenario" time="0.064">
    <error message="Cannot invoke &quot;org.openqa.selenium.WebDriver.get(String)&quot; because &quot;this.driver&quot; is null" type="java.lang.NullPointerException">
      <![CDATA[java.lang.NullPointerException: Cannot invoke "org.openqa.selenium.WebDriver.get(String)" because "this.driver" is null
at pages.ClassPage.homepage(ClassPage.java:98)
at stepDefinition.Classdetailspopup_SD.admin_is_on_manage_class_page_after_clicking_class_button(Classdetailspopup_SD.java:24)
at ?.Admin is on ManageClass page after clicking class button(file:///C:/Users/amitf/eclipse-workspace/LMSHackathon_Phase2/src/test/resources/Features/Classdetailpopupwindow.feature:3)
]]>
    </error>
  </testcase> <!-- runScenario -->
  <system-out/>
  <testcase classname="runner.Runner$AllureReport" name="runScenario" time="0.028">
    <error message="Cannot invoke &quot;org.openqa.selenium.WebDriver.get(String)&quot; because &quot;this.driver&quot; is null" type="java.lang.NullPointerException">
      <![CDATA[java.lang.NullPointerException: Cannot invoke "org.openqa.selenium.WebDriver.get(String)" because "this.driver" is null
at pages.ClassPage.homepage(ClassPage.java:98)
at stepDefinition.Classdetailspopup_SD.admin_is_on_manage_class_page_after_clicking_class_button(Classdetailspopup_SD.java:24)
at ?.Admin is on ManageClass page after clicking class button(file:///C:/Users/amitf/eclipse-workspace/LMSHackathon_Phase2/src/test/resources/Features/Classdetailpopupwindow.feature:3)
]]>
    </error>
  </testcase> <!-- runScenario -->
  <system-out/>
  <testcase classname="runner.Runner$AllureReport" name="runScenario" time="0.029">
    <error message="Cannot invoke &quot;org.openqa.selenium.WebDriver.get(String)&quot; because &quot;this.driver&quot; is null" type="java.lang.NullPointerException">
      <![CDATA[java.lang.NullPointerException: Cannot invoke "org.openqa.selenium.WebDriver.get(String)" because "this.driver" is null
at pages.ClassPage.homepage(ClassPage.java:98)
at stepDefinition.Classdetailspopup_SD.admin_is_on_manage_class_page_after_clicking_class_button(Classdetailspopup_SD.java:24)
at ?.Admin is on ManageClass page after clicking class button(file:///C:/Users/amitf/eclipse-workspace/LMSHackathon_Phase2/src/test/resources/Features/Classdetailpopupwindow.feature:3)
]]>
    </error>
  </testcase> <!-- runScenario -->
  <system-out/>
  <testcase classname="runner.Runner$AllureReport" name="runScenario" time="0.073">
    <error message="Cannot invoke &quot;org.openqa.selenium.WebDriver.get(String)&quot; because &quot;this.driver&quot; is null" type="java.lang.NullPointerException">
      <![CDATA[java.lang.NullPointerException: Cannot invoke "org.openqa.selenium.WebDriver.get(String)" because "this.driver" is null
at pages.ClassPage.homepage(ClassPage.java:98)
at stepDefinition.Classdetailspopup_SD.admin_is_on_manage_class_page_after_clicking_class_button(Classdetailspopup_SD.java:24)
at ?.Admin is on ManageClass page after clicking class button(file:///C:/Users/amitf/eclipse-workspace/LMSHackathon_Phase2/src/test/resources/Features/Classdetailpopupwindow.feature:3)
]]>
    </error>
  </testcase> <!-- runScenario -->
  <system-out/>
  <testcase classname="runner.Runner$AllureReport" name="runScenario" time="0.017">
    <error message="Cannot invoke &quot;org.openqa.selenium.WebDriver.get(String)&quot; because &quot;this.driver&quot; is null" type="java.lang.NullPointerException">
      <![CDATA[java.lang.NullPointerException: Cannot invoke "org.openqa.selenium.WebDriver.get(String)" because "this.driver" is null
at pages.ClassPage.homepage(ClassPage.java:98)
at stepDefinition.EditClass_SD.admin_is_in_edit_class_detail_popup_window(EditClass_SD.java:24)
at ?.Admin is in  Edit class detail popup window(file:///C:/Users/amitf/eclipse-workspace/LMSHackathon_Phase2/src/test/resources/Features/EditClass.feature:3)
]]>
    </error>
  </testcase> <!-- runScenario -->
  <system-out/>
  <testcase classname="runner.Runner$AllureReport" name="runScenario" time="0.026">
    <error message="Cannot invoke &quot;org.openqa.selenium.WebDriver.get(String)&quot; because &quot;this.driver&quot; is null" type="java.lang.NullPointerException">
      <![CDATA[java.lang.NullPointerException: Cannot invoke "org.openqa.selenium.WebDriver.get(String)" because "this.driver" is null
at pages.ClassPage.homepage(ClassPage.java:98)
at stepDefinition.EditClass_SD.admin_is_in_edit_class_detail_popup_window(EditClass_SD.java:24)
at ?.Admin is in  Edit class detail popup window(file:///C:/Users/amitf/eclipse-workspace/LMSHackathon_Phase2/src/test/resources/Features/ManageClass.feature:3)
]]>
    </error>
  </testcase> <!-- runScenario -->
  <system-out/>
  <testcase classname="runner.Runner$AllureReport" name="runScenario" time="0.022">
    <error message="Cannot invoke &quot;org.openqa.selenium.WebDriver.get(String)&quot; because &quot;this.driver&quot; is null" type="java.lang.NullPointerException">
      <![CDATA[java.lang.NullPointerException: Cannot invoke "org.openqa.selenium.WebDriver.get(String)" because "this.driver" is null
at pages.ClassPage.homepage(ClassPage.java:98)
at stepDefinition.EditClass_SD.admin_is_in_edit_class_detail_popup_window(EditClass_SD.java:24)
at ?.Admin is in  Edit class detail popup window(file:///C:/Users/amitf/eclipse-workspace/LMSHackathon_Phase2/src/test/resources/Features/EditClass.feature:3)
]]>
    </error>
  </testcase> <!-- runScenario -->
  <system-out/>
  <testcase classname="runner.Runner$AllureReport" name="runScenario" time="0.020">
    <error message="Cannot invoke &quot;org.openqa.selenium.WebDriver.get(String)&quot; because &quot;this.driver&quot; is null" type="java.lang.NullPointerException">
      <![CDATA[java.lang.NullPointerException: Cannot invoke "org.openqa.selenium.WebDriver.get(String)" because "this.driver" is null
at pages.ClassPage.homepage(ClassPage.java:98)
at stepDefinition.EditClass_SD.admin_is_in_edit_class_detail_popup_window(EditClass_SD.java:24)
at ?.Admin is in  Edit class detail popup window(file:///C:/Users/amitf/eclipse-workspace/LMSHackathon_Phase2/src/test/resources/Features/ManageClass.feature:3)
]]>
    </error>
  </testcase> <!-- runScenario -->
  <system-out/>
  <testcase classname="runner.Runner$AllureReport" name="runScenario" time="0.021">
    <error message="Cannot invoke &quot;org.openqa.selenium.WebDriver.get(String)&quot; because &quot;this.driver&quot; is null" type="java.lang.NullPointerException">
      <![CDATA[java.lang.NullPointerException: Cannot invoke "org.openqa.selenium.WebDriver.get(String)" because "this.driver" is null
at pages.ClassPage.homepage(ClassPage.java:98)
at stepDefinition.EditClass_SD.admin_is_in_edit_class_detail_popup_window(EditClass_SD.java:24)
at ?.Admin is in  Edit class detail popup window(file:///C:/Users/amitf/eclipse-workspace/LMSHackathon_Phase2/src/test/resources/Features/ManageClass.feature:3)
]]>
    </error>
  </testcase> <!-- runScenario -->
  <system-out/>
  <testcase classname="runner.Runner$AllureReport" name="runScenario" time="0.024">
    <error message="Cannot invoke &quot;org.openqa.selenium.WebDriver.get(String)&quot; because &quot;this.driver&quot; is null" type="java.lang.NullPointerException">
      <![CDATA[java.lang.NullPointerException: Cannot invoke "org.openqa.selenium.WebDriver.get(String)" because "this.driver" is null
at pages.ClassPage.homepage(ClassPage.java:98)
at stepDefinition.EditClass_SD.admin_is_in_edit_class_detail_popup_window(EditClass_SD.java:24)
at ?.Admin is in  Edit class detail popup window(file:///C:/Users/amitf/eclipse-workspace/LMSHackathon_Phase2/src/test/resources/Features/EditClass.feature:3)
]]>
    </error>
  </testcase> <!-- runScenario -->
  <system-out/>
  <testcase classname="runner.Runner$AllureReport" name="runScenario" time="0.019">
    <error message="Cannot invoke &quot;org.openqa.selenium.WebDriver.get(String)&quot; because &quot;this.driver&quot; is null" type="java.lang.NullPointerException">
      <![CDATA[java.lang.NullPointerException: Cannot invoke "org.openqa.selenium.WebDriver.get(String)" because "this.driver" is null
at pages.ClassPage.homepage(ClassPage.java:98)
at stepDefinition.EditClass_SD.admin_is_in_edit_class_detail_popup_window(EditClass_SD.java:24)
at ?.Admin is in  Edit class detail popup window(file:///C:/Users/amitf/eclipse-workspace/LMSHackathon_Phase2/src/test/resources/Features/ManageClass.feature:3)
]]>
    </error>
  </testcase> <!-- runScenario -->
  <system-out/>
  <testcase classname="runner.Runner$AllureReport" name="runScenario" time="0.052">
    <error message="Cannot invoke &quot;org.openqa.selenium.WebDriver.get(String)&quot; because &quot;this.driver&quot; is null" type="java.lang.NullPointerException">
      <![CDATA[java.lang.NullPointerException: Cannot invoke "org.openqa.selenium.WebDriver.get(String)" because "this.driver" is null
at pages.ClassPage.homepage(ClassPage.java:98)
at stepDefinition.EditClass_SD.admin_is_in_edit_class_detail_popup_window(EditClass_SD.java:24)
at ?.Admin is in  Edit class detail popup window(file:///C:/Users/amitf/eclipse-workspace/LMSHackathon_Phase2/src/test/resources/Features/EditClass.feature:3)
]]>
    </error>
  </testcase> <!-- runScenario -->
  <system-out/>
  <testcase classname="runner.Runner$AllureReport" name="runScenario" time="0.018">
    <error message="Cannot invoke &quot;org.openqa.selenium.WebDriver.get(String)&quot; because &quot;this.driver&quot; is null" type="java.lang.NullPointerException">
      <![CDATA[java.lang.NullPointerException: Cannot invoke "org.openqa.selenium.WebDriver.get(String)" because "this.driver" is null
at pages.ClassPage.homepage(ClassPage.java:98)
at stepDefinition.EditClass_SD.admin_is_in_edit_class_detail_popup_window(EditClass_SD.java:24)
at ?.Admin is in  Edit class detail popup window(file:///C:/Users/amitf/eclipse-workspace/LMSHackathon_Phase2/src/test/resources/Features/EditClass.feature:3)
]]>
    </error>
  </testcase> <!-- runScenario -->
  <system-out/>
  <testcase classname="runner.Runner$AllureReport" name="runScenario" time="0.035">
    <error message="Cannot invoke &quot;org.openqa.selenium.WebDriver.get(String)&quot; because &quot;this.driver&quot; is null" type="java.lang.NullPointerException">
      <![CDATA[java.lang.NullPointerException: Cannot invoke "org.openqa.selenium.WebDriver.get(String)" because "this.driver" is null
at pages.ClassPage.homepage(ClassPage.java:98)
at stepDefinition.EditClass_SD.admin_is_in_edit_class_detail_popup_window(EditClass_SD.java:24)
at ?.Admin is in  Edit class detail popup window(file:///C:/Users/amitf/eclipse-workspace/LMSHackathon_Phase2/src/test/resources/Features/EditClass.feature:3)
]]>
    </error>
  </testcase> <!-- runScenario -->
  <system-out/>
  <testcase classname="runner.Runner$AllureReport" name="runScenario" time="0.028">
    <error message="Cannot invoke &quot;org.openqa.selenium.WebDriver.get(String)&quot; because &quot;this.driver&quot; is null" type="java.lang.NullPointerException">
      <![CDATA[java.lang.NullPointerException: Cannot invoke "org.openqa.selenium.WebDriver.get(String)" because "this.driver" is null
at pages.ClassPage.homepage(ClassPage.java:98)
at stepDefinition.EditClass_SD.admin_is_in_edit_class_detail_popup_window(EditClass_SD.java:24)
at ?.Admin is in  Edit class detail popup window(file:///C:/Users/amitf/eclipse-workspace/LMSHackathon_Phase2/src/test/resources/Features/ManageClass.feature:3)
]]>
    </error>
  </testcase> <!-- runScenario -->
  <system-out/>
  <testcase classname="runner.Runner$AllureReport" name="runScenario" time="0.059">
    <error message="Cannot invoke &quot;org.openqa.selenium.WebDriver.get(String)&quot; because &quot;this.driver&quot; is null" type="java.lang.NullPointerException">
      <![CDATA[java.lang.NullPointerException: Cannot invoke "org.openqa.selenium.WebDriver.get(String)" because "this.driver" is null
at pages.ClassPage.homepage(ClassPage.java:98)
at stepDefinition.EditClass_SD.admin_is_in_edit_class_detail_popup_window(EditClass_SD.java:24)
at ?.Admin is in  Edit class detail popup window(file:///C:/Users/amitf/eclipse-workspace/LMSHackathon_Phase2/src/test/resources/Features/ManageClass.feature:3)
]]>
    </error>
  </testcase> <!-- runScenario -->
  <system-out/>
  <testcase classname="runner.Runner$AllureReport" name="runScenario" time="0.023">
    <error message="Cannot invoke &quot;org.openqa.selenium.WebDriver.get(String)&quot; because &quot;this.driver&quot; is null" type="java.lang.NullPointerException">
      <![CDATA[java.lang.NullPointerException: Cannot invoke "org.openqa.selenium.WebDriver.get(String)" because "this.driver" is null
at pages.ClassPage.homepage(ClassPage.java:98)
at stepDefinition.EditClass_SD.admin_is_in_edit_class_detail_popup_window(EditClass_SD.java:24)
at ?.Admin is in  Edit class detail popup window(file:///C:/Users/amitf/eclipse-workspace/LMSHackathon_Phase2/src/test/resources/Features/ManageClass.feature:3)
]]>
    </error>
  </testcase> <!-- runScenario -->
  <system-out/>
  <testcase classname="runner.Runner$AllureReport" name="runScenario" time="0.110">
    <error message="Cannot invoke &quot;org.openqa.selenium.WebDriver.get(String)&quot; because &quot;this.driver&quot; is null" type="java.lang.NullPointerException">
      <![CDATA[java.lang.NullPointerException: Cannot invoke "org.openqa.selenium.WebDriver.get(String)" because "this.driver" is null
at pages.ClassPage.homepage(ClassPage.java:98)
at stepDefinition.AddNewClass_SD.admin_is_in_class_detail_popup_window(AddNewClass_SD.java:27)
at ?.Admin is in class detail popup window(file:///C:/Users/amitf/eclipse-workspace/LMSHackathon_Phase2/src/test/resources/Features/AddNewClass.feature:3)
]]>
    </error>
  </testcase> <!-- runScenario -->
  <system-out/>
  <testcase classname="runner.Runner$AllureReport" name="runScenario" time="0.023">
    <error message="Cannot invoke &quot;org.openqa.selenium.WebDriver.get(String)&quot; because &quot;this.driver&quot; is null" type="java.lang.NullPointerException">
      <![CDATA[java.lang.NullPointerException: Cannot invoke "org.openqa.selenium.WebDriver.get(String)" because "this.driver" is null
at pages.ClassPage.homepage(ClassPage.java:98)
at stepDefinition.EditClass_SD.admin_is_in_edit_class_detail_popup_window(EditClass_SD.java:24)
at ?.Admin is in  Edit class detail popup window(file:///C:/Users/amitf/eclipse-workspace/LMSHackathon_Phase2/src/test/resources/Features/EditClass.feature:3)
]]>
    </error>
  </testcase> <!-- runScenario -->
  <system-out/>
  <testcase classname="runner.Runner$AllureReport" name="runScenario" time="0.053">
    <error message="Cannot invoke &quot;org.openqa.selenium.WebDriver.get(String)&quot; because &quot;this.driver&quot; is null" type="java.lang.NullPointerException">
      <![CDATA[java.lang.NullPointerException: Cannot invoke "org.openqa.selenium.WebDriver.get(String)" because "this.driver" is null
at pages.ClassPage.homepage(ClassPage.java:98)
at stepDefinition.EditClass_SD.admin_is_in_edit_class_detail_popup_window(EditClass_SD.java:24)
at ?.Admin is in  Edit class detail popup window(file:///C:/Users/amitf/eclipse-workspace/LMSHackathon_Phase2/src/test/resources/Features/ManageClass.feature:3)
]]>
    </error>
  </testcase> <!-- runScenario -->
  <system-out/>
  <testcase classname="runner.Runner$AllureReport" name="runScenario" time="0.017">
    <error message="Cannot invoke &quot;org.openqa.selenium.WebDriver.get(String)&quot; because &quot;this.driver&quot; is null" type="java.lang.NullPointerException">
      <![CDATA[java.lang.NullPointerException: Cannot invoke "org.openqa.selenium.WebDriver.get(String)" because "this.driver" is null
at pages.ClassPage.homepage(ClassPage.java:98)
at stepDefinition.EditClass_SD.admin_is_in_edit_class_detail_popup_window(EditClass_SD.java:24)
at ?.Admin is in  Edit class detail popup window(file:///C:/Users/amitf/eclipse-workspace/LMSHackathon_Phase2/src/test/resources/Features/EditClass.feature:3)
]]>
    </error>
  </testcase> <!-- runScenario -->
  <system-out/>
  <testcase classname="runner.Runner$AllureReport" name="runScenario" time="0.021">
    <error message="Cannot invoke &quot;org.openqa.selenium.WebDriver.get(String)&quot; because &quot;this.driver&quot; is null" type="java.lang.NullPointerException">
      <![CDATA[java.lang.NullPointerException: Cannot invoke "org.openqa.selenium.WebDriver.get(String)" because "this.driver" is null
at pages.ClassPage.homepage(ClassPage.java:98)
at stepDefinition.EditClass_SD.admin_is_in_edit_class_detail_popup_window(EditClass_SD.java:24)
at ?.Admin is in  Edit class detail popup window(file:///C:/Users/amitf/eclipse-workspace/LMSHackathon_Phase2/src/test/resources/Features/ManageClass.feature:3)
]]>
    </error>
  </testcase> <!-- runScenario -->
  <system-out/>
  <testcase classname="runner.Runner$AllureReport" name="runScenario" time="0.034">
    <error message="Cannot invoke &quot;org.openqa.selenium.WebDriver.get(String)&quot; because &quot;this.driver&quot; is null" type="java.lang.NullPointerException">
      <![CDATA[java.lang.NullPointerException: Cannot invoke "org.openqa.selenium.WebDriver.get(String)" because "this.driver" is null
at pages.ClassPage.homepage(ClassPage.java:98)
at stepDefinition.AddNewClass_SD.admin_is_in_class_detail_popup_window(AddNewClass_SD.java:27)
at ?.Admin is in class detail popup window(file:///C:/Users/amitf/eclipse-workspace/LMSHackathon_Phase2/src/test/resources/Features/AddNewClass.feature:3)
]]>
    </error>
  </testcase> <!-- runScenario -->
  <system-out/>
  <testcase classname="runner.Runner$AllureReport" name="runScenario" time="0.016">
    <error message="Cannot invoke &quot;org.openqa.selenium.WebDriver.get(String)&quot; because &quot;this.driver&quot; is null" type="java.lang.NullPointerException">
      <![CDATA[java.lang.NullPointerException: Cannot invoke "org.openqa.selenium.WebDriver.get(String)" because "this.driver" is null
at pages.ClassPage.homepage(ClassPage.java:98)
at stepDefinition.EditClass_SD.admin_is_in_edit_class_detail_popup_window(EditClass_SD.java:24)
at ?.Admin is in  Edit class detail popup window(file:///C:/Users/amitf/eclipse-workspace/LMSHackathon_Phase2/src/test/resources/Features/ManageClass.feature:3)
]]>
    </error>
  </testcase> <!-- runScenario -->
  <system-out/>
  <testcase classname="runner.Runner$AllureReport" name="runScenario" time="0.037">
    <error message="Cannot invoke &quot;org.openqa.selenium.WebDriver.get(String)&quot; because &quot;this.driver&quot; is null" type="java.lang.NullPointerException">
      <![CDATA[java.lang.NullPointerException: Cannot invoke "org.openqa.selenium.WebDriver.get(String)" because "this.driver" is null
at pages.ClassPage.homepage(ClassPage.java:98)
at stepDefinition.DeleteClass_SD.admin_is_in_manage_class_page(DeleteClass_SD.java:26)
at ?.Admin is in Manage class page(file:///C:/Users/amitf/eclipse-workspace/LMSHackathon_Phase2/src/test/resources/Features/DeleteClass.feature:4)
]]>
    </error>
  </testcase> <!-- runScenario -->
  <system-out/>
  <testcase classname="runner.Runner$AllureReport" name="runScenario" time="0.019">
    <error message="Cannot invoke &quot;org.openqa.selenium.WebDriver.get(String)&quot; because &quot;this.driver&quot; is null" type="java.lang.NullPointerException">
      <![CDATA[java.lang.NullPointerException: Cannot invoke "org.openqa.selenium.WebDriver.get(String)" because "this.driver" is null
at pages.ClassPage.homepage(ClassPage.java:98)
at stepDefinition.EditClass_SD.admin_is_in_edit_class_detail_popup_window(EditClass_SD.java:24)
at ?.Admin is in  Edit class detail popup window(file:///C:/Users/amitf/eclipse-workspace/LMSHackathon_Phase2/src/test/resources/Features/EditClass.feature:3)
]]>
    </error>
  </testcase> <!-- runScenario -->
  <system-out/>
  <testcase classname="runner.Runner$AllureReport" name="runScenario" time="0.096">
    <error message="Cannot invoke &quot;org.openqa.selenium.WebDriver.get(String)&quot; because &quot;this.driver&quot; is null" type="java.lang.NullPointerException">
      <![CDATA[java.lang.NullPointerException: Cannot invoke "org.openqa.selenium.WebDriver.get(String)" because "this.driver" is null
at pages.ClassPage.homepage(ClassPage.java:98)
at stepDefinition.Classdetailspopup_SD.admin_is_on_manage_class_page_after_clicking_class_button(Classdetailspopup_SD.java:24)
at ?.Admin is on ManageClass page after clicking class button(file:///C:/Users/amitf/eclipse-workspace/LMSHackathon_Phase2/src/test/resources/Features/Classdetailpopupwindow.feature:3)
]]>
    </error>
  </testcase> <!-- runScenario -->
  <system-out/>
  <testcase classname="runner.Runner$AllureReport" name="runScenario" time="0.020">
    <error message="Cannot invoke &quot;org.openqa.selenium.WebDriver.get(String)&quot; because &quot;this.driver&quot; is null" type="java.lang.NullPointerException">
      <![CDATA[java.lang.NullPointerException: Cannot invoke "org.openqa.selenium.WebDriver.get(String)" because "this.driver" is null
at pages.ClassPage.homepage(ClassPage.java:98)
at stepDefinition.EditClass_SD.admin_is_in_edit_class_detail_popup_window(EditClass_SD.java:24)
at ?.Admin is in  Edit class detail popup window(file:///C:/Users/amitf/eclipse-workspace/LMSHackathon_Phase2/src/test/resources/Features/EditClass.feature:3)
]]>
    </error>
  </testcase> <!-- runScenario -->
  <system-out/>
  <testcase classname="runner.Runner$AllureReport" name="runScenario" time="0.033">
    <error message="Cannot invoke &quot;org.openqa.selenium.WebDriver.get(String)&quot; because &quot;this.driver&quot; is null" type="java.lang.NullPointerException">
      <![CDATA[java.lang.NullPointerException: Cannot invoke "org.openqa.selenium.WebDriver.get(String)" because "this.driver" is null
at pages.ClassPage.homepage(ClassPage.java:98)
at stepDefinition.EditClass_SD.admin_is_in_edit_class_detail_popup_window(EditClass_SD.java:24)
at ?.Admin is in  Edit class detail popup window(file:///C:/Users/amitf/eclipse-workspace/LMSHackathon_Phase2/src/test/resources/Features/ManageClass.feature:3)
]]>
    </error>
  </testcase> <!-- runScenario -->
  <system-out/>
  <testcase classname="runner.Runner$AllureReport" name="runScenario" time="0.056">
    <error message="Cannot invoke &quot;org.openqa.selenium.WebDriver.get(String)&quot; because &quot;this.driver&quot; is null" type="java.lang.NullPointerException">
      <![CDATA[java.lang.NullPointerException: Cannot invoke "org.openqa.selenium.WebDriver.get(String)" because "this.driver" is null
at pages.ClassPage.homepage(ClassPage.java:98)
at stepDefinition.EditClass_SD.admin_is_in_edit_class_detail_popup_window(EditClass_SD.java:24)
at ?.Admin is in  Edit class detail popup window(file:///C:/Users/amitf/eclipse-workspace/LMSHackathon_Phase2/src/test/resources/Features/ManageClass.feature:3)
]]>
    </error>
  </testcase> <!-- runScenario -->
  <system-out/>
  <testcase classname="runner.Runner$AllureReport" name="runScenario" time="0.020">
    <error message="Cannot invoke &quot;org.openqa.selenium.WebDriver.get(String)&quot; because &quot;this.driver&quot; is null" type="java.lang.NullPointerException">
      <![CDATA[java.lang.NullPointerException: Cannot invoke "org.openqa.selenium.WebDriver.get(String)" because "this.driver" is null
at pages.ClassPage.homepage(ClassPage.java:98)
at stepDefinition.EditClass_SD.admin_is_in_edit_class_detail_popup_window(EditClass_SD.java:24)
at ?.Admin is in  Edit class detail popup window(file:///C:/Users/amitf/eclipse-workspace/LMSHackathon_Phase2/src/test/resources/Features/ManageClass.feature:3)
]]>
    </error>
  </testcase> <!-- runScenario -->
  <system-out/>
  <testcase classname="runner.Runner$AllureReport" name="runScenario" time="0.024">
    <error message="Cannot invoke &quot;org.openqa.selenium.WebDriver.get(String)&quot; because &quot;this.driver&quot; is null" type="java.lang.NullPointerException">
      <![CDATA[java.lang.NullPointerException: Cannot invoke "org.openqa.selenium.WebDriver.get(String)" because "this.driver" is null
at pages.ClassPage.homepage(ClassPage.java:98)
at stepDefinition.EditClass_SD.admin_is_in_edit_class_detail_popup_window(EditClass_SD.java:24)
at ?.Admin is in  Edit class detail popup window(file:///C:/Users/amitf/eclipse-workspace/LMSHackathon_Phase2/src/test/resources/Features/ManageClass.feature:3)
]]>
    </error>
  </testcase> <!-- runScenario -->
  <system-out/>
  <testcase classname="runner.Runner$AllureReport" name="runScenario" time="0.021">
    <error message="Cannot invoke &quot;org.openqa.selenium.WebDriver.get(String)&quot; because &quot;this.driver&quot; is null" type="java.lang.NullPointerException">
      <![CDATA[java.lang.NullPointerException: Cannot invoke "org.openqa.selenium.WebDriver.get(String)" because "this.driver" is null
at pages.ClassPage.homepage(ClassPage.java:98)
at stepDefinition.EditClass_SD.admin_is_in_edit_class_detail_popup_window(EditClass_SD.java:24)
at ?.Admin is in  Edit class detail popup window(file:///C:/Users/amitf/eclipse-workspace/LMSHackathon_Phase2/src/test/resources/Features/EditClass.feature:3)
]]>
    </error>
  </testcase> <!-- runScenario -->
  <system-out/>
  <testcase classname="runner.Runner$AllureReport" name="runScenario" time="0.085">
    <error message="Cannot invoke &quot;org.openqa.selenium.WebDriver.get(String)&quot; because &quot;this.driver&quot; is null" type="java.lang.NullPointerException">
      <![CDATA[java.lang.NullPointerException: Cannot invoke "org.openqa.selenium.WebDriver.get(String)" because "this.driver" is null
at pages.ClassPage.homepage(ClassPage.java:98)
at stepDefinition.Classdetailspopup_SD.admin_is_on_manage_class_page_after_clicking_class_button(Classdetailspopup_SD.java:24)
at ?.Admin is on ManageClass page after clicking class button(file:///C:/Users/amitf/eclipse-workspace/LMSHackathon_Phase2/src/test/resources/Features/Classdetailpopupwindow.feature:3)
]]>
    </error>
  </testcase> <!-- runScenario -->
  <system-out/>
  <testcase classname="runner.Runner$AllureReport" name="runScenario" time="0.032">
    <error message="Cannot invoke &quot;org.openqa.selenium.WebDriver.get(String)&quot; because &quot;this.driver&quot; is null" type="java.lang.NullPointerException">
      <![CDATA[java.lang.NullPointerException: Cannot invoke "org.openqa.selenium.WebDriver.get(String)" because "this.driver" is null
at pages.ClassPage.homepage(ClassPage.java:98)
at stepDefinition.EditClass_SD.admin_is_in_edit_class_detail_popup_window(EditClass_SD.java:24)
at ?.Admin is in  Edit class detail popup window(file:///C:/Users/amitf/eclipse-workspace/LMSHackathon_Phase2/src/test/resources/Features/EditClass.feature:3)
]]>
    </error>
  </testcase> <!-- runScenario -->
  <system-out/>
  <testcase classname="runner.Runner$AllureReport" name="runScenario" time="0.044">
    <error message="Cannot invoke &quot;org.openqa.selenium.WebDriver.get(String)&quot; because &quot;this.driver&quot; is null" type="java.lang.NullPointerException">
      <![CDATA[java.lang.NullPointerException: Cannot invoke "org.openqa.selenium.WebDriver.get(String)" because "this.driver" is null
at pages.ClassPage.homepage(ClassPage.java:98)
at stepDefinition.AddNewClass_SD.admin_is_in_class_detail_popup_window(AddNewClass_SD.java:27)
at ?.Admin is in class detail popup window(file:///C:/Users/amitf/eclipse-workspace/LMSHackathon_Phase2/src/test/resources/Features/AddNewClass.feature:3)
]]>
    </error>
  </testcase> <!-- runScenario -->
  <system-out/>
  <testcase classname="runner.Runner$AllureReport" name="runScenario" time="0.058">
    <error message="Cannot invoke &quot;org.openqa.selenium.WebDriver.get(String)&quot; because &quot;this.driver&quot; is null" type="java.lang.NullPointerException">
      <![CDATA[java.lang.NullPointerException: Cannot invoke "org.openqa.selenium.WebDriver.get(String)" because "this.driver" is null
at pages.ClassPage.homepage(ClassPage.java:98)
at stepDefinition.Classdetailspopup_SD.admin_is_on_manage_class_page_after_clicking_class_button(Classdetailspopup_SD.java:24)
at ?.Admin is on ManageClass page after clicking class button(file:///C:/Users/amitf/eclipse-workspace/LMSHackathon_Phase2/src/test/resources/Features/Classdetailpopupwindow.feature:3)
]]>
    </error>
  </testcase> <!-- runScenario -->
  <system-out/>
  <testcase classname="runner.Runner$AllureReport" name="runScenario" time="0.034">
    <error message="Cannot invoke &quot;org.openqa.selenium.WebDriver.get(String)&quot; because &quot;this.driver&quot; is null" type="java.lang.NullPointerException">
      <![CDATA[java.lang.NullPointerException: Cannot invoke "org.openqa.selenium.WebDriver.get(String)" because "this.driver" is null
at pages.ClassPage.homepage(ClassPage.java:98)
at stepDefinition.Classdetailspopup_SD.admin_is_on_manage_class_page_after_clicking_class_button(Classdetailspopup_SD.java:24)
at ?.Admin is on ManageClass page after clicking class button(file:///C:/Users/amitf/eclipse-workspace/LMSHackathon_Phase2/src/test/resources/Features/Classdetailpopupwindow.feature:3)
]]>
    </error>
  </testcase> <!-- runScenario -->
  <system-out/>
  <testcase classname="runner.Runner$AllureReport" name="runScenario" time="0.058">
    <error message="Cannot invoke &quot;org.openqa.selenium.WebDriver.get(String)&quot; because &quot;this.driver&quot; is null" type="java.lang.NullPointerException">
      <![CDATA[java.lang.NullPointerException: Cannot invoke "org.openqa.selenium.WebDriver.get(String)" because "this.driver" is null
at pages.ClassPage.homepage(ClassPage.java:98)
at stepDefinition.EditClass_SD.admin_is_in_edit_class_detail_popup_window(EditClass_SD.java:24)
at ?.Admin is in  Edit class detail popup window(file:///C:/Users/amitf/eclipse-workspace/LMSHackathon_Phase2/src/test/resources/Features/ManageClass.feature:3)
]]>
    </error>
  </testcase> <!-- runScenario -->
  <system-out/>
  <testcase classname="runner.Runner$AllureReport" name="runScenario" time="0.057">
    <error message="Cannot invoke &quot;org.openqa.selenium.WebDriver.get(String)&quot; because &quot;this.driver&quot; is null" type="java.lang.NullPointerException">
      <![CDATA[java.lang.NullPointerException: Cannot invoke "org.openqa.selenium.WebDriver.get(String)" because "this.driver" is null
at pages.ClassPage.homepage(ClassPage.java:98)
at stepDefinition.AddNewClass_SD.admin_is_in_class_detail_popup_window(AddNewClass_SD.java:27)
at ?.Admin is in class detail popup window(file:///C:/Users/amitf/eclipse-workspace/LMSHackathon_Phase2/src/test/resources/Features/AddNewClass.feature:3)
]]>
    </error>
  </testcase> <!-- runScenario -->
  <system-out/>
  <testcase classname="runner.Runner$AllureReport" name="runScenario" time="0.018">
    <error message="Cannot invoke &quot;org.openqa.selenium.WebDriver.get(String)&quot; because &quot;this.driver&quot; is null" type="java.lang.NullPointerException">
      <![CDATA[java.lang.NullPointerException: Cannot invoke "org.openqa.selenium.WebDriver.get(String)" because "this.driver" is null
at pages.ClassPage.homepage(ClassPage.java:98)
at stepDefinition.EditClass_SD.admin_is_in_edit_class_detail_popup_window(EditClass_SD.java:24)
at ?.Admin is in  Edit class detail popup window(file:///C:/Users/amitf/eclipse-workspace/LMSHackathon_Phase2/src/test/resources/Features/EditClass.feature:3)
]]>
    </error>
  </testcase> <!-- runScenario -->
  <system-out/>
  <testcase classname="runner.Runner$AllureReport" name="runScenario" time="0.027">
    <error message="Cannot invoke &quot;org.openqa.selenium.WebDriver.get(String)&quot; because &quot;this.driver&quot; is null" type="java.lang.NullPointerException">
      <![CDATA[java.lang.NullPointerException: Cannot invoke "org.openqa.selenium.WebDriver.get(String)" because "this.driver" is null
at pages.ClassPage.homepage(ClassPage.java:98)
at stepDefinition.EditClass_SD.admin_is_in_edit_class_detail_popup_window(EditClass_SD.java:24)
at ?.Admin is in  Edit class detail popup window(file:///C:/Users/amitf/eclipse-workspace/LMSHackathon_Phase2/src/test/resources/Features/EditClass.feature:3)
]]>
    </error>
  </testcase> <!-- runScenario -->
  <system-out/>
  <testcase classname="runner.Runner$AllureReport" name="runScenario" time="0.036">
    <error message="Cannot invoke &quot;org.openqa.selenium.WebDriver.get(String)&quot; because &quot;this.driver&quot; is null" type="java.lang.NullPointerException">
      <![CDATA[java.lang.NullPointerException: Cannot invoke "org.openqa.selenium.WebDriver.get(String)" because "this.driver" is null
at pages.ClassPage.homepage(ClassPage.java:98)
at stepDefinition.EditClass_SD.admin_is_in_edit_class_detail_popup_window(EditClass_SD.java:24)
at ?.Admin is in  Edit class detail popup window(file:///C:/Users/amitf/eclipse-workspace/LMSHackathon_Phase2/src/test/resources/Features/EditClass.feature:3)
]]>
    </error>
  </testcase> <!-- runScenario -->
  <system-out/>
  <testcase classname="runner.Runner$AllureReport" name="runScenario" time="0.055">
    <error message="Cannot invoke &quot;org.openqa.selenium.WebDriver.get(String)&quot; because &quot;this.driver&quot; is null" type="java.lang.NullPointerException">
      <![CDATA[java.lang.NullPointerException: Cannot invoke "org.openqa.selenium.WebDriver.get(String)" because "this.driver" is null
at pages.ClassPage.homepage(ClassPage.java:98)
at stepDefinition.Classdetailspopup_SD.admin_is_on_manage_class_page_after_clicking_class_button(Classdetailspopup_SD.java:24)
at ?.Admin is on ManageClass page after clicking class button(file:///C:/Users/amitf/eclipse-workspace/LMSHackathon_Phase2/src/test/resources/Features/Classdetailpopupwindow.feature:3)
]]>
    </error>
  </testcase> <!-- runScenario -->
  <system-out/>
  <testcase classname="runner.Runner$AllureReport" name="runScenario" time="0.024">
    <error message="Cannot invoke &quot;org.openqa.selenium.WebDriver.get(String)&quot; because &quot;this.driver&quot; is null" type="java.lang.NullPointerException">
      <![CDATA[java.lang.NullPointerException: Cannot invoke "org.openqa.selenium.WebDriver.get(String)" because "this.driver" is null
at pages.ClassPage.homepage(ClassPage.java:98)
at stepDefinition.DeleteClass_SD.admin_is_in_delete_alert(DeleteClass_SD.java:55)
at ?.Admin is in delete alert(file:///C:/Users/amitf/eclipse-workspace/LMSHackathon_Phase2/src/test/resources/Features/DeleteClass.feature:26)
]]>
    </error>
  </testcase> <!-- runScenario -->
  <system-out/>
  <testcase classname="runner.Runner$AllureReport" name="runScenario" time="0.095">
    <error message="Cannot invoke &quot;org.openqa.selenium.WebDriver.get(String)&quot; because &quot;this.driver&quot; is null" type="java.lang.NullPointerException">
      <![CDATA[java.lang.NullPointerException: Cannot invoke "org.openqa.selenium.WebDriver.get(String)" because "this.driver" is null
at pages.ClassPage.homepage(ClassPage.java:98)
at stepDefinition.EditClass_SD.admin_is_in_edit_class_detail_popup_window(EditClass_SD.java:24)
at ?.Admin is in  Edit class detail popup window(file:///C:/Users/amitf/eclipse-workspace/LMSHackathon_Phase2/src/test/resources/Features/ManageClass.feature:3)
]]>
    </error>
  </testcase> <!-- runScenario -->
  <system-out/>
  <testcase classname="runner.Runner$AllureReport" name="runScenario" time="0.032">
    <error message="Cannot invoke &quot;org.openqa.selenium.WebDriver.get(String)&quot; because &quot;this.driver&quot; is null" type="java.lang.NullPointerException">
      <![CDATA[java.lang.NullPointerException: Cannot invoke "org.openqa.selenium.WebDriver.get(String)" because "this.driver" is null
at pages.ClassPage.homepage(ClassPage.java:98)
at stepDefinition.DeleteClass_SD.admin_is_in_delete_alert(DeleteClass_SD.java:55)
at ?.Admin is in delete alert(file:///C:/Users/amitf/eclipse-workspace/LMSHackathon_Phase2/src/test/resources/Features/DeleteClass.feature:20)
]]>
    </error>
  </testcase> <!-- runScenario -->
  <system-out/>
  <testcase classname="runner.Runner$AllureReport" name="runScenario" time="0.016">
    <error message="Cannot invoke &quot;org.openqa.selenium.WebDriver.get(String)&quot; because &quot;this.driver&quot; is null" type="java.lang.NullPointerException">
      <![CDATA[java.lang.NullPointerException: Cannot invoke "org.openqa.selenium.WebDriver.get(String)" because "this.driver" is null
at pages.ClassPage.homepage(ClassPage.java:98)
at stepDefinition.EditClass_SD.admin_is_in_edit_class_detail_popup_window(EditClass_SD.java:24)
at ?.Admin is in  Edit class detail popup window(file:///C:/Users/amitf/eclipse-workspace/LMSHackathon_Phase2/src/test/resources/Features/EditClass.feature:3)
]]>
    </error>
  </testcase> <!-- runScenario -->
  <system-out/>
  <testcase classname="runner.Runner$AllureReport" name="runScenario" time="0.021">
    <error message="Cannot invoke &quot;org.openqa.selenium.WebDriver.get(String)&quot; because &quot;this.driver&quot; is null" type="java.lang.NullPointerException">
      <![CDATA[java.lang.NullPointerException: Cannot invoke "org.openqa.selenium.WebDriver.get(String)" because "this.driver" is null
at pages.ClassPage.homepage(ClassPage.java:98)
at stepDefinition.EditClass_SD.admin_is_in_edit_class_detail_popup_window(EditClass_SD.java:24)
at ?.Admin is in  Edit class detail popup window(file:///C:/Users/amitf/eclipse-workspace/LMSHackathon_Phase2/src/test/resources/Features/ManageClass.feature:3)
]]>
    </error>
  </testcase> <!-- runScenario -->
  <system-out/>
  <testcase classname="runner.Runner$AllureReport" name="runScenario" time="0.037">
    <error message="Cannot invoke &quot;org.openqa.selenium.WebDriver.get(String)&quot; because &quot;this.driver&quot; is null" type="java.lang.NullPointerException">
      <![CDATA[java.lang.NullPointerException: Cannot invoke "org.openqa.selenium.WebDriver.get(String)" because "this.driver" is null
at pages.ClassPage.homepage(ClassPage.java:98)
at stepDefinition.EditClass_SD.admin_is_in_edit_class_detail_popup_window(EditClass_SD.java:24)
at ?.Admin is in  Edit class detail popup window(file:///C:/Users/amitf/eclipse-workspace/LMSHackathon_Phase2/src/test/resources/Features/ManageClass.feature:3)
]]>
    </error>
  </testcase> <!-- runScenario -->
  <system-out/>
  <testcase classname="runner.Runner$AllureReport" name="runScenario" time="0.019">
    <error message="Cannot invoke &quot;org.openqa.selenium.WebDriver.get(String)&quot; because &quot;this.driver&quot; is null" type="java.lang.NullPointerException">
      <![CDATA[java.lang.NullPointerException: Cannot invoke "org.openqa.selenium.WebDriver.get(String)" because "this.driver" is null
at pages.ClassPage.homepage(ClassPage.java:98)
at stepDefinition.EditClass_SD.admin_is_in_edit_class_detail_popup_window(EditClass_SD.java:24)
at ?.Admin is in  Edit class detail popup window(file:///C:/Users/amitf/eclipse-workspace/LMSHackathon_Phase2/src/test/resources/Features/EditClass.feature:3)
]]>
    </error>
  </testcase> <!-- runScenario -->
  <system-out/>
  <testcase classname="runner.Runner$AllureReport" name="runScenario" time="0.050">
    <error message="Cannot invoke &quot;org.openqa.selenium.WebDriver.get(String)&quot; because &quot;this.driver&quot; is null" type="java.lang.NullPointerException">
      <![CDATA[java.lang.NullPointerException: Cannot invoke "org.openqa.selenium.WebDriver.get(String)" because "this.driver" is null
at pages.ClassPage.homepage(ClassPage.java:98)
at stepDefinition.AddNewClass_SD.admin_is_in_class_detail_popup_window(AddNewClass_SD.java:27)
at ?.Admin is in class detail popup window(file:///C:/Users/amitf/eclipse-workspace/LMSHackathon_Phase2/src/test/resources/Features/AddNewClass.feature:3)
]]>
    </error>
  </testcase> <!-- runScenario -->
  <system-out/>
  <testcase classname="runner.Runner$AllureReport" name="runScenario" time="0.029">
    <error message="Cannot invoke &quot;org.openqa.selenium.WebDriver.get(String)&quot; because &quot;this.driver&quot; is null" type="java.lang.NullPointerException">
      <![CDATA[java.lang.NullPointerException: Cannot invoke "org.openqa.selenium.WebDriver.get(String)" because "this.driver" is null
at pages.ClassPage.homepage(ClassPage.java:98)
at stepDefinition.DeleteClass_SD.admin_is_in_manage_class_page(DeleteClass_SD.java:26)
at ?.Admin is in Manage class page(file:///C:/Users/amitf/eclipse-workspace/LMSHackathon_Phase2/src/test/resources/Features/DeleteClass.feature:10)
]]>
    </error>
  </testcase> <!-- runScenario -->
  <system-out/>
  <testcase classname="runner.Runner$AllureReport" name="runScenario" time="0.034">
    <error message="Cannot invoke &quot;org.openqa.selenium.WebDriver.get(String)&quot; because &quot;this.driver&quot; is null" type="java.lang.NullPointerException">
      <![CDATA[java.lang.NullPointerException: Cannot invoke "org.openqa.selenium.WebDriver.get(String)" because "this.driver" is null
at pages.ClassPage.homepage(ClassPage.java:98)
at stepDefinition.EditClass_SD.admin_is_in_edit_class_detail_popup_window(EditClass_SD.java:24)
at ?.Admin is in  Edit class detail popup window(file:///C:/Users/amitf/eclipse-workspace/LMSHackathon_Phase2/src/test/resources/Features/EditClass.feature:3)
]]>
    </error>
  </testcase> <!-- runScenario -->
  <system-out/>
  <testcase classname="runner.Runner$AllureReport" name="runScenario" time="0.025">
    <error message="Cannot invoke &quot;org.openqa.selenium.WebDriver.get(String)&quot; because &quot;this.driver&quot; is null" type="java.lang.NullPointerException">
      <![CDATA[java.lang.NullPointerException: Cannot invoke "org.openqa.selenium.WebDriver.get(String)" because "this.driver" is null
at pages.ClassPage.homepage(ClassPage.java:98)
at stepDefinition.EditClass_SD.admin_is_in_edit_class_detail_popup_window(EditClass_SD.java:24)
at ?.Admin is in  Edit class detail popup window(file:///C:/Users/amitf/eclipse-workspace/LMSHackathon_Phase2/src/test/resources/Features/EditClass.feature:3)
]]>
    </error>
  </testcase> <!-- runScenario -->
  <system-out/>
  <testcase classname="runner.Runner$AllureReport" name="runScenario" time="0.083">
    <error message="Cannot invoke &quot;org.openqa.selenium.WebDriver.get(String)&quot; because &quot;this.driver&quot; is null" type="java.lang.NullPointerException">
      <![CDATA[java.lang.NullPointerException: Cannot invoke "org.openqa.selenium.WebDriver.get(String)" because "this.driver" is null
at pages.ClassPage.homepage(ClassPage.java:98)
at stepDefinition.AddNewClass_SD.admin_is_in_class_detail_popup_window(AddNewClass_SD.java:27)
at ?.Admin is in class detail popup window(file:///C:/Users/amitf/eclipse-workspace/LMSHackathon_Phase2/src/test/resources/Features/AddNewClass.feature:3)
]]>
    </error>
  </testcase> <!-- runScenario -->
  <system-out/>
  <testcase classname="runner.Runner$AllureReport" name="runScenario" time="0.020">
    <error message="Cannot invoke &quot;org.openqa.selenium.WebDriver.get(String)&quot; because &quot;this.driver&quot; is null" type="java.lang.NullPointerException">
      <![CDATA[java.lang.NullPointerException: Cannot invoke "org.openqa.selenium.WebDriver.get(String)" because "this.driver" is null
at pages.ClassPage.homepage(ClassPage.java:98)
at stepDefinition.EditClass_SD.admin_is_in_edit_class_detail_popup_window(EditClass_SD.java:24)
at ?.Admin is in  Edit class detail popup window(file:///C:/Users/amitf/eclipse-workspace/LMSHackathon_Phase2/src/test/resources/Features/ManageClass.feature:3)
]]>
    </error>
  </testcase> <!-- runScenario -->
  <system-out/>
</testsuite> <!-- runner.Runner$AllureReport -->
